2026-02-20 22:58:01 +0000 - dagster - DEBUG - crypto_ingestion_job - 0e3d7380-c2a0-43a9-a56e-deaa4b6f7be7 - 69586 - LOGS_CAPTURED - Started capturing logs in process (pid: 69586).
2026-02-20 22:58:01 +0000 - dagster - DEBUG - crypto_ingestion_job - 0e3d7380-c2a0-43a9-a56e-deaa4b6f7be7 - 69586 - ingest_crypto_file_op - STEP_START - Started execution of step "ingest_crypto_file_op".
2026-02-20 22:58:01 +0000 - dagster - INFO - crypto_ingestion_job - 0e3d7380-c2a0-43a9-a56e-deaa4b6f7be7 - ingest_crypto_file_op - Ingestando BTCUSDT (5m) do caminho: cryptocurrency/BTCUSDT-5m-2024-09.csv
2026-02-20 22:58:01 +0000 - dagster - INFO - crypto_ingestion_job - 0e3d7380-c2a0-43a9-a56e-deaa4b6f7be7 - ingest_crypto_file_op - Ingesting cryptocurrency/BTCUSDT-5m-2024-09.csv
2026-02-20 22:58:01 +0000 - dagster - INFO - crypto_ingestion_job - 0e3d7380-c2a0-43a9-a56e-deaa4b6f7be7 - ingest_crypto_file_op - shape: (10, 14)
┌────────────┬────────────┬────────────┬────────────┬───┬────────────┬─────┬───────────┬───────────┐
│ 1725148800 ┆ 58974.0000 ┆ 58978.0000 ┆ 58957.0100 ┆ … ┆ 344903.386 ┆ 0   ┆ _source_f ┆ _ingestio │
│ 000        ┆ 0000       ┆ 0000       ┆ 0000       ┆   ┆ 45860      ┆ --- ┆ ile       ┆ n_time    │
│ ---        ┆ ---        ┆ ---        ┆ ---        ┆   ┆ ---        ┆ i64 ┆ ---       ┆ ---       │
│ i64        ┆ f64        ┆ f64        ┆ f64        ┆   ┆ f64        ┆     ┆ str       ┆ str       │
╞════════════╪════════════╪════════════╪════════════╪═══╪════════════╪═════╪═══════════╪═══════════╡
│ 1725149100 ┆ 58978.0    ┆ 59035.76   ┆ 58975.41   ┆ … ┆ 3.5094e6   ┆ 0   ┆ cryptocur ┆ 2026-02-2 │
│ 000        ┆            ┆            ┆            ┆   ┆            ┆     ┆ rency/BTC ┆ 0T22:58:0 │
│            ┆            ┆            ┆            ┆   ┆            ┆     ┆ USDT-5m-2 ┆ 1.333392+ │
│            ┆            ┆            ┆            ┆   ┆            ┆     ┆ 024…      ┆ 00:…      │
│ 1725149400 ┆ 59035.75   ┆ 59055.0    ┆ 59023.0    ┆ … ┆ 551897.792 ┆ 0   ┆ cryptocur ┆ 2026-02-2 │
│ 000        ┆            ┆            ┆            ┆   ┆ 651        ┆     ┆ rency/BTC ┆ 0T22:58:0 │
│            ┆            ┆            ┆            ┆   ┆            ┆     ┆ USDT-5m-2 ┆ 1.333392+ │
│            ┆            ┆            ┆            ┆   ┆            ┆     ┆ 024…      ┆ 00:…      │
│ 1725149700 ┆ 59038.11   ┆ 59076.59   ┆ 59024.0    ┆ … ┆ 522653.237 ┆ 0   ┆ cryptocur ┆ 2026-02-2 │
│ 000        ┆            ┆            ┆            ┆   ┆ 084        ┆     ┆ rency/BTC ┆ 0T22:58:0 │
│            ┆            ┆            ┆            ┆   ┆            ┆     ┆ USDT-5m-2 ┆ 1.333392+ │
│            ┆            ┆            ┆            ┆   ┆            ┆     ┆ 024…      ┆ 00:…      │
│ 1725150000 ┆ 59024.0    ┆ 59024.0    ┆ 58991.1    ┆ … ┆ 726358.813 ┆ 0   ┆ cryptocur ┆ 2026-02-2 │
│ 000        ┆            ┆            ┆            ┆   ┆ 195        ┆     ┆ rency/BTC ┆ 0T22:58:0 │
│            ┆            ┆            ┆            ┆   ┆            ┆     ┆ USDT-5m-2 ┆ 1.333392+ │
│            ┆            ┆            ┆            ┆   ┆            ┆     ┆ 024…      ┆ 00:…      │
│ 1725150300 ┆ 58991.11   ┆ 58991.11   ┆ 58911.0    ┆ … ┆ 394614.875 ┆ 0   ┆ cryptocur ┆ 2026-02-2 │
│ 000        ┆            ┆            ┆            ┆   ┆ 402        ┆     ┆ rency/BTC ┆ 0T22:58:0 │
│            ┆            ┆            ┆            ┆   ┆            ┆     ┆ USDT-5m-2 ┆ 1.333392+ │
│            ┆            ┆            ┆            ┆   ┆            ┆     ┆ 024…      ┆ 00:…      │
│ 1725150600 ┆ 58961.4    ┆ 58961.41   ┆ 58920.0    ┆ … ┆ 483428.489 ┆ 0   ┆ cryptocur ┆ 2026-02-2 │
│ 000        ┆            ┆            ┆            ┆   ┆ 013        ┆     ┆ rency/BTC ┆ 0T22:58:0 │
│            ┆            ┆            ┆            ┆   ┆            ┆     ┆ USDT-5m-2 ┆ 1.333392+ │
│            ┆            ┆            ┆            ┆   ┆            ┆     ┆ 024…      ┆ 00:…      │
│ 1725150900 ┆ 58950.0    ┆ 58997.0    ┆ 58949.99   ┆ … ┆ 465189.762 ┆ 0   ┆ cryptocur ┆ 2026-02-2 │
│ 000        ┆            ┆            ┆            ┆   ┆ 875        ┆     ┆ rency/BTC ┆ 0T22:58:0 │
│            ┆            ┆            ┆            ┆   ┆            ┆     ┆ USDT-5m-2 ┆ 1.333392+ │
│            ┆            ┆            ┆            ┆   ┆            ┆     ┆ 024…      ┆ 00:…      │
│ 1725151200 ┆ 58988.0    ┆ 59019.0    ┆ 58900.0    ┆ … ┆ 481111.301 ┆ 0   ┆ cryptocur ┆ 2026-02-2 │
│ 000        ┆            ┆            ┆            ┆   ┆ 655        ┆     ┆ rency/BTC ┆ 0T22:58:0 │
│            ┆            ┆            ┆            ┆   ┆            ┆     ┆ USDT-5m-2 ┆ 1.333392+ │
│            ┆            ┆            ┆            ┆   ┆            ┆     ┆ 024…      ┆ 00:…      │
│ 1725151500 ┆ 58909.0    ┆ 58951.0    ┆ 58909.0    ┆ … ┆ 691649.618 ┆ 0   ┆ cryptocur ┆ 2026-02-2 │
│ 000        ┆            ┆            ┆            ┆   ┆ 462        ┆     ┆ rency/BTC ┆ 0T22:58:0 │
│            ┆            ┆            ┆            ┆   ┆            ┆     ┆ USDT-5m-2 ┆ 1.333392+ │
│            ┆            ┆            ┆            ┆   ┆            ┆     ┆ 024…      ┆ 00:…      │
│ 1725151800 ┆ 58937.0    ┆ 58964.26   ┆ 58937.0    ┆ … ┆ 360012.220 ┆ 0   ┆ cryptocur ┆ 2026-02-2 │
│ 000        ┆            ┆            ┆            ┆   ┆ 27         ┆     ┆ rency/BTC ┆ 0T22:58:0 │
│            ┆            ┆            ┆            ┆   ┆            ┆     ┆ USDT-5m-2 ┆ 1.333392+ │
│            ┆            ┆            ┆            ┆   ┆            ┆     ┆ 024…      ┆ 00:…      │
└────────────┴────────────┴────────────┴────────────┴───┴────────────┴─────┴───────────┴───────────┘
2026-02-20 22:58:01 +0000 - dagster - ERROR - crypto_ingestion_job - 0e3d7380-c2a0-43a9-a56e-deaa4b6f7be7 - 69586 - ingest_crypto_file_op - STEP_FAILURE - Execution of step "ingest_crypto_file_op" failed.

dagster._core.errors.DagsterExecutionStepExecutionError: Error occurred while executing op "ingest_crypto_file_op"::

ValueError: PyArrow table contains more columns: 0, 15.92811000, 1725148800000, 1725149099999, 2237, 344903.38645860, 5.84918000, 58957.01000000, 58974.00000000, 58978.00000000, 58978.00000000_duplicated_0, 939246.14828320. Update the schema first (hint, use union_by_name).

Stack Trace:
  File "/opt/dagster/app/.venv/lib/python3.12/site-packages/dagster/_core/execution/plan/utils.py", line 57, in op_execution_error_boundary
    yield
  File "/opt/dagster/app/.venv/lib/python3.12/site-packages/dagster/_utils/__init__.py", line 394, in iterate_with_context
    next_output = next(iterator)
                  ^^^^^^^^^^^^^^
  File "/opt/dagster/app/.venv/lib/python3.12/site-packages/dagster/_core/execution/plan/compute_generator.py", line 135, in _coerce_op_compute_fn_to_iterator
    result = invoke_compute_fn(
             ^^^^^^^^^^^^^^^^^^
  File "/opt/dagster/app/.venv/lib/python3.12/site-packages/dagster/_core/execution/plan/compute_generator.py", line 115, in invoke_compute_fn
    return fn(context, **args_to_pass) if context_arg_provided else fn(**args_to_pass)
           ^^^^^^^^^^^^^^^^^^^^^^^^^^^
  File "/opt/dagster/app/project/crypto_candles/assets/ops.py", line 48, in ingest_crypto_file_op
    table.overwrite(
  File "/opt/dagster/app/.venv/lib/python3.12/site-packages/pyiceberg/table/__init__.py", line 1469, in overwrite
    tx.overwrite(
  File "/opt/dagster/app/.venv/lib/python3.12/site-packages/pyiceberg/table/__init__.py", line 630, in overwrite
    _check_pyarrow_schema_compatible(
  File "/opt/dagster/app/.venv/lib/python3.12/site-packages/pyiceberg/io/pyarrow.py", line 2745, in _check_pyarrow_schema_compatible
    raise ValueError(

The above exception was caused by the following exception:
ValueError: Could not find field with name: 1725148800000

Stack Trace:
  File "/opt/dagster/app/.venv/lib/python3.12/site-packages/pyiceberg/io/pyarrow.py", line 2734, in _check_pyarrow_schema_compatible
    provided_schema = pyarrow_to_schema(
                      ^^^^^^^^^^^^^^^^^^
  File "/opt/dagster/app/.venv/lib/python3.12/site-packages/pyiceberg/io/pyarrow.py", line 1139, in pyarrow_to_schema
    return apply_name_mapping(schema_without_ids, name_mapping)
           ^^^^^^^^^^^^^^^^^^^^^^^^^^^^^^^^^^^^^^^^^^^^^^^^^^^^
  File "/opt/dagster/app/.venv/lib/python3.12/site-packages/pyiceberg/table/name_mapping.py", line 378, in apply_name_mapping
    return visit_with_partner(schema_without_ids, name_mapping, NameMappingProjectionVisitor(), NameMappingAccessor())  # type: ignore
           ^^^^^^^^^^^^^^^^^^^^^^^^^^^^^^^^^^^^^^^^^^^^^^^^^^^^^^^^^^^^^^^^^^^^^^^^^^^^^^^^^^^^^^^^^^^^^^^^^^^^^^^^^^^
  File "/root/.local/share/uv/python/cpython-3.12.12-linux-x86_64-gnu/lib/python3.12/functools.py", line 912, in wrapper
    return dispatch(args[0].__class__)(*args, **kw)
           ^^^^^^^^^^^^^^^^^^^^^^^^^^^^^^^^^^^^^^^^
  File "/opt/dagster/app/.venv/lib/python3.12/site-packages/pyiceberg/schema.py", line 662, in _
    return visitor.schema(schema, partner, visit_with_partner(schema.as_struct(), struct_partner, visitor, accessor))  # type: ignore
                                           ^^^^^^^^^^^^^^^^^^^^^^^^^^^^^^^^^^^^^^^^^^^^^^^^^^^^^^^^^^^^^^^^^^^^^^^^^
  File "/root/.local/share/uv/python/cpython-3.12.12-linux-x86_64-gnu/lib/python3.12/functools.py", line 912, in wrapper
    return dispatch(args[0].__class__)(*args, **kw)
           ^^^^^^^^^^^^^^^^^^^^^^^^^^^^^^^^^^^^^^^^
  File "/opt/dagster/app/.venv/lib/python3.12/site-packages/pyiceberg/schema.py", line 672, in _
    field_result = visit_with_partner(field.field_type, field_partner, visitor, accessor)  # type: ignore
                   ^^^^^^^^^^^^^^^^^^^^^^^^^^^^^^^^^^^^^^^^^^^^^^^^^^^^^^^^^^^^^^^^^^^^^^
  File "/root/.local/share/uv/python/cpython-3.12.12-linux-x86_64-gnu/lib/python3.12/functools.py", line 912, in wrapper
    return dispatch(args[0].__class__)(*args, **kw)
           ^^^^^^^^^^^^^^^^^^^^^^^^^^^^^^^^^^^^^^^^
  File "/opt/dagster/app/.venv/lib/python3.12/site-packages/pyiceberg/schema.py", line 712, in _
    return visitor.primitive(primitive, partner)
           ^^^^^^^^^^^^^^^^^^^^^^^^^^^^^^^^^^^^^
  File "/opt/dagster/app/.venv/lib/python3.12/site-packages/pyiceberg/table/name_mapping.py", line 372, in primitive
    raise ValueError(f"Could not find field with name: {'.'.join(self.current_path)}")

