2026-02-20 22:54:10 +0000 - dagster - DEBUG - crypto_ingestion_job - 1ce33726-6f5a-4223-b149-edb429574ff3 - 66267 - LOGS_CAPTURED - Started capturing logs in process (pid: 66267).
2026-02-20 22:54:10 +0000 - dagster - DEBUG - crypto_ingestion_job - 1ce33726-6f5a-4223-b149-edb429574ff3 - 66267 - ingest_crypto_file_op - STEP_START - Started execution of step "ingest_crypto_file_op".
2026-02-20 22:54:10 +0000 - dagster - INFO - crypto_ingestion_job - 1ce33726-6f5a-4223-b149-edb429574ff3 - ingest_crypto_file_op - Ingestando ETHUSDT (5m) do caminho: cryptocurrency/ETHUSDT-5m-2026-01.csv
2026-02-20 22:54:10 +0000 - dagster - INFO - crypto_ingestion_job - 1ce33726-6f5a-4223-b149-edb429574ff3 - ingest_crypto_file_op - Ingesting cryptocurrency/ETHUSDT-5m-2026-01.csv
2026-02-20 22:54:10 +0000 - dagster - INFO - crypto_ingestion_job - 1ce33726-6f5a-4223-b149-edb429574ff3 - ingest_crypto_file_op - shape: (10, 14)
в”Ңв”Җв”Җв”Җв”Җв”Җв”Җв”Җв”Җв”Җв”Җв”Җв”Җв”Җв”¬в”Җв”Җв”Җв”Җв”Җв”Җв”Җв”Җв”Җв”¬в”Җв”Җв”Җв”Җв”Җв”Җв”Җв”Җв”Җв”¬в”Җв”Җв”Җв”Җв”Җв”Җв”Җв”Җв”Җв”¬в”Җв”Җв”Җв”¬в”Җв”Җв”Җв”Җв”Җв”Җв”Җв”Җв”Җв”Җв”Җв”Җв”Җв”¬в”Җв”Җв”Җв”Җв”Җв”Җв”Җв”Җв”¬в”Җв”Җв”Җв”Җв”Җв”Җв”Җв”Җв”Җв”Җв”Җв”Җв”Җв”¬в”Җв”Җв”Җв”Җв”Җв”Җв”Җв”Җв”Җв”Җв”Җв”Җв”Җв”җ
в”Ӯ open_time   в”Ҷ open    в”Ҷ high    в”Ҷ low     в”Ҷ вҖҰ в”Ҷ taker_buy_q в”Ҷ ignore в”Ҷ _source_fil в”Ҷ _ingestion_ в”Ӯ
в”Ӯ ---         в”Ҷ ---     в”Ҷ ---     в”Ҷ ---     в”Ҷ   в”Ҷ uote_volume в”Ҷ ---    в”Ҷ e           в”Ҷ time        в”Ӯ
в”Ӯ i64         в”Ҷ f64     в”Ҷ f64     в”Ҷ f64     в”Ҷ   в”Ҷ ---         в”Ҷ i64    в”Ҷ ---         в”Ҷ ---         в”Ӯ
в”Ӯ             в”Ҷ         в”Ҷ         в”Ҷ         в”Ҷ   в”Ҷ f64         в”Ҷ        в”Ҷ str         в”Ҷ str         в”Ӯ
в•һв•җв•җв•җв•җв•җв•җв•җв•җв•җв•җв•җв•җв•җв•Әв•җв•җв•җв•җв•җв•җв•җв•җв•җв•Әв•җв•җв•җв•җв•җв•җв•җв•җв•җв•Әв•җв•җв•җв•җв•җв•җв•җв•җв•җв•Әв•җв•җв•җв•Әв•җв•җв•җв•җв•җв•җв•җв•җв•җв•җв•җв•җв•җв•Әв•җв•җв•җв•җв•җв•җв•җв•җв•Әв•җв•җв•җв•җв•җв•җв•җв•җв•җв•җв•җв•җв•җв•Әв•җв•җв•җв•җв•җв•җв•җв•җв•җв•җв•җв•җв•җв•Ў
в”Ӯ 17672256000 в”Ҷ 2970.4  в”Ҷ 2973.74 в”Ҷ 2970.0  в”Ҷ вҖҰ в”Ҷ 7.7936e6    в”Ҷ 0      в”Ҷ cryptocurre в”Ҷ 2026-02-20T в”Ӯ
в”Ӯ 00          в”Ҷ         в”Ҷ         в”Ҷ         в”Ҷ   в”Ҷ             в”Ҷ        в”Ҷ ncy/ETHUSDT в”Ҷ 22:54:10.79 в”Ӯ
в”Ӯ             в”Ҷ         в”Ҷ         в”Ҷ         в”Ҷ   в”Ҷ             в”Ҷ        в”Ҷ -5m-2026вҖҰ   в”Ҷ 6626+00:вҖҰ   в”Ӯ
в”Ӯ 17672259000 в”Ҷ 2973.66 в”Ҷ 2979.34 в”Ҷ 2973.66 в”Ҷ вҖҰ в”Ҷ 2.3215e7    в”Ҷ 0      в”Ҷ cryptocurre в”Ҷ 2026-02-20T в”Ӯ
в”Ӯ 00          в”Ҷ         в”Ҷ         в”Ҷ         в”Ҷ   в”Ҷ             в”Ҷ        в”Ҷ ncy/ETHUSDT в”Ҷ 22:54:10.79 в”Ӯ
в”Ӯ             в”Ҷ         в”Ҷ         в”Ҷ         в”Ҷ   в”Ҷ             в”Ҷ        в”Ҷ -5m-2026вҖҰ   в”Ҷ 6626+00:вҖҰ   в”Ӯ
в”Ӯ 17672262000 в”Ҷ 2976.96 в”Ҷ 2977.66 в”Ҷ 2975.0  в”Ҷ вҖҰ в”Ҷ 2.9081e6    в”Ҷ 0      в”Ҷ cryptocurre в”Ҷ 2026-02-20T в”Ӯ
в”Ӯ 00          в”Ҷ         в”Ҷ         в”Ҷ         в”Ҷ   в”Ҷ             в”Ҷ        в”Ҷ ncy/ETHUSDT в”Ҷ 22:54:10.79 в”Ӯ
в”Ӯ             в”Ҷ         в”Ҷ         в”Ҷ         в”Ҷ   в”Ҷ             в”Ҷ        в”Ҷ -5m-2026вҖҰ   в”Ҷ 6626+00:вҖҰ   в”Ӯ
в”Ӯ 17672265000 в”Ҷ 2975.0  в”Ҷ 2977.0  в”Ҷ 2975.0  в”Ҷ вҖҰ в”Ҷ 2.3989e6    в”Ҷ 0      в”Ҷ cryptocurre в”Ҷ 2026-02-20T в”Ӯ
в”Ӯ 00          в”Ҷ         в”Ҷ         в”Ҷ         в”Ҷ   в”Ҷ             в”Ҷ        в”Ҷ ncy/ETHUSDT в”Ҷ 22:54:10.79 в”Ӯ
в”Ӯ             в”Ҷ         в”Ҷ         в”Ҷ         в”Ҷ   в”Ҷ             в”Ҷ        в”Ҷ -5m-2026вҖҰ   в”Ҷ 6626+00:вҖҰ   в”Ӯ
в”Ӯ 17672268000 в”Ҷ 2976.45 в”Ҷ 2979.0  в”Ҷ 2976.45 в”Ҷ вҖҰ в”Ҷ 3.5070e6    в”Ҷ 0      в”Ҷ cryptocurre в”Ҷ 2026-02-20T в”Ӯ
в”Ӯ 00          в”Ҷ         в”Ҷ         в”Ҷ         в”Ҷ   в”Ҷ             в”Ҷ        в”Ҷ ncy/ETHUSDT в”Ҷ 22:54:10.79 в”Ӯ
в”Ӯ             в”Ҷ         в”Ҷ         в”Ҷ         в”Ҷ   в”Ҷ             в”Ҷ        в”Ҷ -5m-2026вҖҰ   в”Ҷ 6626+00:вҖҰ   в”Ӯ
в”Ӯ 17672271000 в”Ҷ 2977.15 в”Ҷ 2979.42 в”Ҷ 2977.14 в”Ҷ вҖҰ в”Ҷ 5.0412e6    в”Ҷ 0      в”Ҷ cryptocurre в”Ҷ 2026-02-20T в”Ӯ
в”Ӯ 00          в”Ҷ         в”Ҷ         в”Ҷ         в”Ҷ   в”Ҷ             в”Ҷ        в”Ҷ ncy/ETHUSDT в”Ҷ 22:54:10.79 в”Ӯ
в”Ӯ             в”Ҷ         в”Ҷ         в”Ҷ         в”Ҷ   в”Ҷ             в”Ҷ        в”Ҷ -5m-2026вҖҰ   в”Ҷ 6626+00:вҖҰ   в”Ӯ
в”Ӯ 17672274000 в”Ҷ 2978.41 в”Ҷ 2979.62 в”Ҷ 2977.2  в”Ҷ вҖҰ в”Ҷ 3.2478e6    в”Ҷ 0      в”Ҷ cryptocurre в”Ҷ 2026-02-20T в”Ӯ
в”Ӯ 00          в”Ҷ         в”Ҷ         в”Ҷ         в”Ҷ   в”Ҷ             в”Ҷ        в”Ҷ ncy/ETHUSDT в”Ҷ 22:54:10.79 в”Ӯ
в”Ӯ             в”Ҷ         в”Ҷ         в”Ҷ         в”Ҷ   в”Ҷ             в”Ҷ        в”Ҷ -5m-2026вҖҰ   в”Ҷ 6626+00:вҖҰ   в”Ӯ
в”Ӯ 17672277000 в”Ҷ 2979.14 в”Ҷ 2979.52 в”Ҷ 2977.06 в”Ҷ вҖҰ в”Ҷ 4.8722e6    в”Ҷ 0      в”Ҷ cryptocurre в”Ҷ 2026-02-20T в”Ӯ
в”Ӯ 00          в”Ҷ         в”Ҷ         в”Ҷ         в”Ҷ   в”Ҷ             в”Ҷ        в”Ҷ ncy/ETHUSDT в”Ҷ 22:54:10.79 в”Ӯ
в”Ӯ             в”Ҷ         в”Ҷ         в”Ҷ         в”Ҷ   в”Ҷ             в”Ҷ        в”Ҷ -5m-2026вҖҰ   в”Ҷ 6626+00:вҖҰ   в”Ӯ
в”Ӯ 17672280000 в”Ҷ 2978.25 в”Ҷ 2978.87 в”Ҷ 2977.65 в”Ҷ вҖҰ в”Ҷ 1.8123e6    в”Ҷ 0      в”Ҷ cryptocurre в”Ҷ 2026-02-20T в”Ӯ
в”Ӯ 00          в”Ҷ         в”Ҷ         в”Ҷ         в”Ҷ   в”Ҷ             в”Ҷ        в”Ҷ ncy/ETHUSDT в”Ҷ 22:54:10.79 в”Ӯ
в”Ӯ             в”Ҷ         в”Ҷ         в”Ҷ         в”Ҷ   в”Ҷ             в”Ҷ        в”Ҷ -5m-2026вҖҰ   в”Ҷ 6626+00:вҖҰ   в”Ӯ
в”Ӯ 17672283000 в”Ҷ 2978.49 в”Ҷ 2980.88 в”Ҷ 2977.86 в”Ҷ вҖҰ в”Ҷ 5.4105e6    в”Ҷ 0      в”Ҷ cryptocurre в”Ҷ 2026-02-20T в”Ӯ
в”Ӯ 00          в”Ҷ         в”Ҷ         в”Ҷ         в”Ҷ   в”Ҷ             в”Ҷ        в”Ҷ ncy/ETHUSDT в”Ҷ 22:54:10.79 в”Ӯ
в”Ӯ             в”Ҷ         в”Ҷ         в”Ҷ         в”Ҷ   в”Ҷ             в”Ҷ        в”Ҷ -5m-2026вҖҰ   в”Ҷ 6626+00:вҖҰ   в”Ӯ
в””в”Җв”Җв”Җв”Җв”Җв”Җв”Җв”Җв”Җв”Җв”Җв”Җв”Җв”ҙв”Җв”Җв”Җв”Җв”Җв”Җв”Җв”Җв”Җв”ҙв”Җв”Җв”Җв”Җв”Җв”Җв”Җв”Җв”Җв”ҙв”Җв”Җв”Җв”Җв”Җв”Җв”Җв”Җв”Җв”ҙв”Җв”Җв”Җв”ҙв”Җв”Җв”Җв”Җв”Җв”Җв”Җв”Җв”Җв”Җв”Җв”Җв”Җв”ҙв”Җв”Җв”Җв”Җв”Җв”Җв”Җв”Җв”ҙв”Җв”Җв”Җв”Җв”Җв”Җв”Җв”Җв”Җв”Җв”Җв”Җв”Җв”ҙв”Җв”Җв”Җв”Җв”Җв”Җв”Җв”Җв”Җв”Җв”Җв”Җв”Җв”ҳ
2026-02-20 22:54:15 +0000 - dagster - INFO - crypto_ingestion_job - 1ce33726-6f5a-4223-b149-edb429574ff3 - ingest_crypto_file_op - вң” RAW ingestГЈo concluГӯda
2026-02-20 22:54:15 +0000 - dagster - DEBUG - crypto_ingestion_job - 1ce33726-6f5a-4223-b149-edb429574ff3 - 66267 - ingest_crypto_file_op - STEP_OUTPUT - Yielded output "result" of type "Any". (Type check passed).
2026-02-20 22:54:15 +0000 - dagster - DEBUG - crypto_ingestion_job - 1ce33726-6f5a-4223-b149-edb429574ff3 - ingest_crypto_file_op - Writing file at: /opt/dagster/dagster_home/storage/1ce33726-6f5a-4223-b149-edb429574ff3/ingest_crypto_file_op/result using PickledObjectFilesystemIOManager...
2026-02-20 22:54:15 +0000 - dagster - DEBUG - crypto_ingestion_job - 1ce33726-6f5a-4223-b149-edb429574ff3 - 66267 - ingest_crypto_file_op - HANDLED_OUTPUT - Handled output "result" using IO manager "io_manager"
2026-02-20 22:54:15 +0000 - dagster - DEBUG - crypto_ingestion_job - 1ce33726-6f5a-4223-b149-edb429574ff3 - 66267 - ingest_crypto_file_op - STEP_SUCCESS - Finished execution of step "ingest_crypto_file_op" in 4.58s.
