2026-02-20 22:31:42 +0000 - dagster - DEBUG - crypto_ingestion_job - 87cb54c0-6d5e-40b5-8d40-a16477b7f3e9 - 50459 - LOGS_CAPTURED - Started capturing logs in process (pid: 50459).
2026-02-20 22:31:42 +0000 - dagster - DEBUG - crypto_ingestion_job - 87cb54c0-6d5e-40b5-8d40-a16477b7f3e9 - 50459 - ingest_crypto_file_op - STEP_START - Started execution of step "ingest_crypto_file_op".
2026-02-20 22:31:42 +0000 - dagster - INFO - crypto_ingestion_job - 87cb54c0-6d5e-40b5-8d40-a16477b7f3e9 - ingest_crypto_file_op - Ingestando BTCUSDT (1m) do caminho: cryptocurrency/BTCUSDT-1m-2024-12.csv
2026-02-20 22:31:42 +0000 - dagster - INFO - crypto_ingestion_job - 87cb54c0-6d5e-40b5-8d40-a16477b7f3e9 - ingest_crypto_file_op - Ingesting cryptocurrency/BTCUSDT-1m-2024-12.csv
2026-02-20 22:31:43 +0000 - dagster - ERROR - crypto_ingestion_job - 87cb54c0-6d5e-40b5-8d40-a16477b7f3e9 - 50459 - ingest_crypto_file_op - STEP_FAILURE - Execution of step "ingest_crypto_file_op" failed.

dagster._core.errors.DagsterExecutionStepExecutionError: Error occurred while executing op "ingest_crypto_file_op"::

ValueError: PyArrow table contains more columns: 0, 1733011200000, 1733011259999, 1763, 3.18577000, 307128.89097460, 788996.16281260, 8.18452000, 96376.00000000, 96376.00000000_duplicated_0, 96407.99000000, 96411.99000000. Update the schema first (hint, use union_by_name).

Stack Trace:
  File "/opt/dagster/app/.venv/lib/python3.12/site-packages/dagster/_core/execution/plan/utils.py", line 57, in op_execution_error_boundary
    yield
  File "/opt/dagster/app/.venv/lib/python3.12/site-packages/dagster/_utils/__init__.py", line 394, in iterate_with_context
    next_output = next(iterator)
                  ^^^^^^^^^^^^^^
  File "/opt/dagster/app/.venv/lib/python3.12/site-packages/dagster/_core/execution/plan/compute_generator.py", line 135, in _coerce_op_compute_fn_to_iterator
    result = invoke_compute_fn(
             ^^^^^^^^^^^^^^^^^^
  File "/opt/dagster/app/.venv/lib/python3.12/site-packages/dagster/_core/execution/plan/compute_generator.py", line 115, in invoke_compute_fn
    return fn(context, **args_to_pass) if context_arg_provided else fn(**args_to_pass)
           ^^^^^^^^^^^^^^^^^^^^^^^^^^^
  File "/opt/dagster/app/project/crypto_candles/assets/ops.py", line 47, in ingest_crypto_file_op
    table.overwrite(
  File "/opt/dagster/app/.venv/lib/python3.12/site-packages/pyiceberg/table/__init__.py", line 1469, in overwrite
    tx.overwrite(
  File "/opt/dagster/app/.venv/lib/python3.12/site-packages/pyiceberg/table/__init__.py", line 630, in overwrite
    _check_pyarrow_schema_compatible(
  File "/opt/dagster/app/.venv/lib/python3.12/site-packages/pyiceberg/io/pyarrow.py", line 2745, in _check_pyarrow_schema_compatible
    raise ValueError(

The above exception was caused by the following exception:
ValueError: Could not find field with name: 1733011200000

Stack Trace:
  File "/opt/dagster/app/.venv/lib/python3.12/site-packages/pyiceberg/io/pyarrow.py", line 2734, in _check_pyarrow_schema_compatible
    provided_schema = pyarrow_to_schema(
                      ^^^^^^^^^^^^^^^^^^
  File "/opt/dagster/app/.venv/lib/python3.12/site-packages/pyiceberg/io/pyarrow.py", line 1139, in pyarrow_to_schema
    return apply_name_mapping(schema_without_ids, name_mapping)
           ^^^^^^^^^^^^^^^^^^^^^^^^^^^^^^^^^^^^^^^^^^^^^^^^^^^^
  File "/opt/dagster/app/.venv/lib/python3.12/site-packages/pyiceberg/table/name_mapping.py", line 378, in apply_name_mapping
    return visit_with_partner(schema_without_ids, name_mapping, NameMappingProjectionVisitor(), NameMappingAccessor())  # type: ignore
           ^^^^^^^^^^^^^^^^^^^^^^^^^^^^^^^^^^^^^^^^^^^^^^^^^^^^^^^^^^^^^^^^^^^^^^^^^^^^^^^^^^^^^^^^^^^^^^^^^^^^^^^^^^^
  File "/root/.local/share/uv/python/cpython-3.12.12-linux-x86_64-gnu/lib/python3.12/functools.py", line 912, in wrapper
    return dispatch(args[0].__class__)(*args, **kw)
           ^^^^^^^^^^^^^^^^^^^^^^^^^^^^^^^^^^^^^^^^
  File "/opt/dagster/app/.venv/lib/python3.12/site-packages/pyiceberg/schema.py", line 662, in _
    return visitor.schema(schema, partner, visit_with_partner(schema.as_struct(), struct_partner, visitor, accessor))  # type: ignore
                                           ^^^^^^^^^^^^^^^^^^^^^^^^^^^^^^^^^^^^^^^^^^^^^^^^^^^^^^^^^^^^^^^^^^^^^^^^^
  File "/root/.local/share/uv/python/cpython-3.12.12-linux-x86_64-gnu/lib/python3.12/functools.py", line 912, in wrapper
    return dispatch(args[0].__class__)(*args, **kw)
           ^^^^^^^^^^^^^^^^^^^^^^^^^^^^^^^^^^^^^^^^
  File "/opt/dagster/app/.venv/lib/python3.12/site-packages/pyiceberg/schema.py", line 672, in _
    field_result = visit_with_partner(field.field_type, field_partner, visitor, accessor)  # type: ignore
                   ^^^^^^^^^^^^^^^^^^^^^^^^^^^^^^^^^^^^^^^^^^^^^^^^^^^^^^^^^^^^^^^^^^^^^^
  File "/root/.local/share/uv/python/cpython-3.12.12-linux-x86_64-gnu/lib/python3.12/functools.py", line 912, in wrapper
    return dispatch(args[0].__class__)(*args, **kw)
           ^^^^^^^^^^^^^^^^^^^^^^^^^^^^^^^^^^^^^^^^
  File "/opt/dagster/app/.venv/lib/python3.12/site-packages/pyiceberg/schema.py", line 712, in _
    return visitor.primitive(primitive, partner)
           ^^^^^^^^^^^^^^^^^^^^^^^^^^^^^^^^^^^^^
  File "/opt/dagster/app/.venv/lib/python3.12/site-packages/pyiceberg/table/name_mapping.py", line 372, in primitive
    raise ValueError(f"Could not find field with name: {'.'.join(self.current_path)}")

