2026-02-20 22:43:24 +0000 - dagster - DEBUG - crypto_ingestion_job - e89278dd-5220-4a36-9ffa-a9b6bd75c5eb - 58709 - LOGS_CAPTURED - Started capturing logs in process (pid: 58709).
2026-02-20 22:43:24 +0000 - dagster - DEBUG - crypto_ingestion_job - e89278dd-5220-4a36-9ffa-a9b6bd75c5eb - 58709 - ingest_crypto_file_op - STEP_START - Started execution of step "ingest_crypto_file_op".
2026-02-20 22:43:24 +0000 - dagster - INFO - crypto_ingestion_job - e89278dd-5220-4a36-9ffa-a9b6bd75c5eb - ingest_crypto_file_op - Ingestando BTCUSDT (5m) do caminho: cryptocurrency/BTCUSDT-5m-2025-03.csv
2026-02-20 22:43:25 +0000 - dagster - INFO - crypto_ingestion_job - e89278dd-5220-4a36-9ffa-a9b6bd75c5eb - ingest_crypto_file_op - Ingesting cryptocurrency/BTCUSDT-5m-2025-03.csv
2026-02-20 22:43:26 +0000 - dagster - INFO - crypto_ingestion_job - e89278dd-5220-4a36-9ffa-a9b6bd75c5eb - ingest_crypto_file_op - shape: (10, 14)
в”Ңв”Җв”Җв”Җв”Җв”Җв”Җв”Җв”Җв”Җв”Җв”Җв”Җв”Җв”¬в”Җв”Җв”Җв”Җв”Җв”Җв”Җв”Җв”Җв”¬в”Җв”Җв”Җв”Җв”Җв”Җв”Җв”Җв”Җв”¬в”Җв”Җв”Җв”Җв”Җв”Җв”Җв”Җв”Җв”¬в”Җв”Җв”Җв”¬в”Җв”Җв”Җв”Җв”Җв”Җв”Җв”Җв”Җв”Җв”Җв”Җв”Җв”¬в”Җв”Җв”Җв”Җв”Җв”Җв”Җв”Җв”¬в”Җв”Җв”Җв”Җв”Җв”Җв”Җв”Җв”Җв”Җв”Җв”Җв”Җв”¬в”Җв”Җв”Җв”Җв”Җв”Җв”Җв”Җв”Җв”Җв”Җв”Җв”Җв”җ
в”Ӯ open_time   в”Ҷ open    в”Ҷ high    в”Ҷ low     в”Ҷ вҖҰ в”Ҷ taker_buy_q в”Ҷ ignore в”Ҷ _source_fil в”Ҷ _ingestion_ в”Ӯ
в”Ӯ ---         в”Ҷ ---     в”Ҷ ---     в”Ҷ ---     в”Ҷ   в”Ҷ uote_volume в”Ҷ ---    в”Ҷ e           в”Ҷ time        в”Ӯ
в”Ӯ i64         в”Ҷ f64     в”Ҷ f64     в”Ҷ f64     в”Ҷ   в”Ҷ ---         в”Ҷ i64    в”Ҷ ---         в”Ҷ ---         в”Ӯ
в”Ӯ             в”Ҷ         в”Ҷ         в”Ҷ         в”Ҷ   в”Ҷ f64         в”Ҷ        в”Ҷ str         в”Ҷ str         в”Ӯ
в•һв•җв•җв•җв•җв•җв•җв•җв•җв•җв•җв•җв•җв•җв•Әв•җв•җв•җв•җв•җв•җв•җв•җв•җв•Әв•җв•җв•җв•җв•җв•җв•җв•җв•җв•Әв•җв•җв•җв•җв•җв•җв•җв•җв•җв•Әв•җв•җв•җв•Әв•җв•җв•җв•җв•җв•җв•җв•җв•җв•җв•җв•җв•җв•Әв•җв•җв•җв•җв•җв•җв•җв•җв•Әв•җв•җв•җв•җв•җв•җв•җв•җв•җв•җв•җв•җв•җв•Әв•җв•җв•җв•җв•җв•җв•җв•җв•җв•җв•җв•җв•җв•Ў
в”Ӯ 17407872000 в”Ҷ 84299.6 в”Ҷ 84335.5 в”Ҷ 84206.9 в”Ҷ вҖҰ в”Ҷ 1.1992e7    в”Ҷ 0      в”Ҷ cryptocurre в”Ҷ 2026-02-20T в”Ӯ
в”Ӯ 00          в”Ҷ         в”Ҷ         в”Ҷ         в”Ҷ   в”Ҷ             в”Ҷ        в”Ҷ ncy/BTCUSDT в”Ҷ 22:43:26.02 в”Ӯ
в”Ӯ             в”Ҷ         в”Ҷ         в”Ҷ         в”Ҷ   в”Ҷ             в”Ҷ        в”Ҷ -5m-2025вҖҰ   в”Ҷ 0725+00:вҖҰ   в”Ӯ
в”Ӯ 17407875000 в”Ҷ 84242.0 в”Ҷ 84367.0 в”Ҷ 84242.0 в”Ҷ вҖҰ в”Ҷ 1.2990e7    в”Ҷ 0      в”Ҷ cryptocurre в”Ҷ 2026-02-20T в”Ӯ
в”Ӯ 00          в”Ҷ         в”Ҷ         в”Ҷ         в”Ҷ   в”Ҷ             в”Ҷ        в”Ҷ ncy/BTCUSDT в”Ҷ 22:43:26.02 в”Ӯ
в”Ӯ             в”Ҷ         в”Ҷ         в”Ҷ         в”Ҷ   в”Ҷ             в”Ҷ        в”Ҷ -5m-2025вҖҰ   в”Ҷ 0725+00:вҖҰ   в”Ӯ
в”Ӯ 17407878000 в”Ҷ 84340.1 в”Ҷ 84487.4 в”Ҷ 84331.7 в”Ҷ вҖҰ в”Ҷ 1.0327e7    в”Ҷ 0      в”Ҷ cryptocurre в”Ҷ 2026-02-20T в”Ӯ
в”Ӯ 00          в”Ҷ         в”Ҷ         в”Ҷ         в”Ҷ   в”Ҷ             в”Ҷ        в”Ҷ ncy/BTCUSDT в”Ҷ 22:43:26.02 в”Ӯ
в”Ӯ             в”Ҷ         в”Ҷ         в”Ҷ         в”Ҷ   в”Ҷ             в”Ҷ        в”Ҷ -5m-2025вҖҰ   в”Ҷ 0725+00:вҖҰ   в”Ӯ
в”Ӯ 17407881000 в”Ҷ 84487.4 в”Ҷ 84588.4 в”Ҷ 84407.0 в”Ҷ вҖҰ в”Ҷ 2.0492e7    в”Ҷ 0      в”Ҷ cryptocurre в”Ҷ 2026-02-20T в”Ӯ
в”Ӯ 00          в”Ҷ         в”Ҷ         в”Ҷ         в”Ҷ   в”Ҷ             в”Ҷ        в”Ҷ ncy/BTCUSDT в”Ҷ 22:43:26.02 в”Ӯ
в”Ӯ             в”Ҷ         в”Ҷ         в”Ҷ         в”Ҷ   в”Ҷ             в”Ҷ        в”Ҷ -5m-2025вҖҰ   в”Ҷ 0725+00:вҖҰ   в”Ӯ
в”Ӯ 17407884000 в”Ҷ 84416.3 в”Ҷ 84438.6 в”Ҷ 84333.4 в”Ҷ вҖҰ в”Ҷ 6.3707e6    в”Ҷ 0      в”Ҷ cryptocurre в”Ҷ 2026-02-20T в”Ӯ
в”Ӯ 00          в”Ҷ         в”Ҷ         в”Ҷ         в”Ҷ   в”Ҷ             в”Ҷ        в”Ҷ ncy/BTCUSDT в”Ҷ 22:43:26.02 в”Ӯ
в”Ӯ             в”Ҷ         в”Ҷ         в”Ҷ         в”Ҷ   в”Ҷ             в”Ҷ        в”Ҷ -5m-2025вҖҰ   в”Ҷ 0725+00:вҖҰ   в”Ӯ
в”Ӯ 17407887000 в”Ҷ 84350.0 в”Ҷ 84350.1 в”Ҷ 84222.9 в”Ҷ вҖҰ в”Ҷ 7.8469e6    в”Ҷ 0      в”Ҷ cryptocurre в”Ҷ 2026-02-20T в”Ӯ
в”Ӯ 00          в”Ҷ         в”Ҷ         в”Ҷ         в”Ҷ   в”Ҷ             в”Ҷ        в”Ҷ ncy/BTCUSDT в”Ҷ 22:43:26.02 в”Ӯ
в”Ӯ             в”Ҷ         в”Ҷ         в”Ҷ         в”Ҷ   в”Ҷ             в”Ҷ        в”Ҷ -5m-2025вҖҰ   в”Ҷ 0725+00:вҖҰ   в”Ӯ
в”Ӯ 17407890000 в”Ҷ 84230.9 в”Ҷ 84249.2 в”Ҷ 84108.6 в”Ҷ вҖҰ в”Ҷ 1.6220e7    в”Ҷ 0      в”Ҷ cryptocurre в”Ҷ 2026-02-20T в”Ӯ
в”Ӯ 00          в”Ҷ         в”Ҷ         в”Ҷ         в”Ҷ   в”Ҷ             в”Ҷ        в”Ҷ ncy/BTCUSDT в”Ҷ 22:43:26.02 в”Ӯ
в”Ӯ             в”Ҷ         в”Ҷ         в”Ҷ         в”Ҷ   в”Ҷ             в”Ҷ        в”Ҷ -5m-2025вҖҰ   в”Ҷ 0725+00:вҖҰ   в”Ӯ
в”Ӯ 17407893000 в”Ҷ 84128.6 в”Ҷ 84225.0 в”Ҷ 84069.0 в”Ҷ вҖҰ в”Ҷ 2.0679e7    в”Ҷ 0      в”Ҷ cryptocurre в”Ҷ 2026-02-20T в”Ӯ
в”Ӯ 00          в”Ҷ         в”Ҷ         в”Ҷ         в”Ҷ   в”Ҷ             в”Ҷ        в”Ҷ ncy/BTCUSDT в”Ҷ 22:43:26.02 в”Ӯ
в”Ӯ             в”Ҷ         в”Ҷ         в”Ҷ         в”Ҷ   в”Ҷ             в”Ҷ        в”Ҷ -5m-2025вҖҰ   в”Ҷ 0725+00:вҖҰ   в”Ӯ
в”Ӯ 17407896000 в”Ҷ 84075.1 в”Ҷ 84127.4 в”Ҷ 84000.0 в”Ҷ вҖҰ в”Ҷ 2.1920e7    в”Ҷ 0      в”Ҷ cryptocurre в”Ҷ 2026-02-20T в”Ӯ
в”Ӯ 00          в”Ҷ         в”Ҷ         в”Ҷ         в”Ҷ   в”Ҷ             в”Ҷ        в”Ҷ ncy/BTCUSDT в”Ҷ 22:43:26.02 в”Ӯ
в”Ӯ             в”Ҷ         в”Ҷ         в”Ҷ         в”Ҷ   в”Ҷ             в”Ҷ        в”Ҷ -5m-2025вҖҰ   в”Ҷ 0725+00:вҖҰ   в”Ӯ
в”Ӯ 17407899000 в”Ҷ 84127.4 в”Ҷ 84158.5 в”Ҷ 84012.0 в”Ҷ вҖҰ в”Ҷ 1.3454e7    в”Ҷ 0      в”Ҷ cryptocurre в”Ҷ 2026-02-20T в”Ӯ
в”Ӯ 00          в”Ҷ         в”Ҷ         в”Ҷ         в”Ҷ   в”Ҷ             в”Ҷ        в”Ҷ ncy/BTCUSDT в”Ҷ 22:43:26.02 в”Ӯ
в”Ӯ             в”Ҷ         в”Ҷ         в”Ҷ         в”Ҷ   в”Ҷ             в”Ҷ        в”Ҷ -5m-2025вҖҰ   в”Ҷ 0725+00:вҖҰ   в”Ӯ
в””в”Җв”Җв”Җв”Җв”Җв”Җв”Җв”Җв”Җв”Җв”Җв”Җв”Җв”ҙв”Җв”Җв”Җв”Җв”Җв”Җв”Җв”Җв”Җв”ҙв”Җв”Җв”Җв”Җв”Җв”Җв”Җв”Җв”Җв”ҙв”Җв”Җв”Җв”Җв”Җв”Җв”Җв”Җв”Җв”ҙв”Җв”Җв”Җв”ҙв”Җв”Җв”Җв”Җв”Җв”Җв”Җв”Җв”Җв”Җв”Җв”Җв”Җв”ҙв”Җв”Җв”Җв”Җв”Җв”Җв”Җв”Җв”ҙв”Җв”Җв”Җв”Җв”Җв”Җв”Җв”Җв”Җв”Җв”Җв”Җв”Җв”ҙв”Җв”Җв”Җв”Җв”Җв”Җв”Җв”Җв”Җв”Җв”Җв”Җв”Җв”ҳ
2026-02-20 22:43:30 +0000 - dagster - INFO - crypto_ingestion_job - e89278dd-5220-4a36-9ffa-a9b6bd75c5eb - ingest_crypto_file_op - вң” RAW ingestГЈo concluГӯda
2026-02-20 22:43:30 +0000 - dagster - DEBUG - crypto_ingestion_job - e89278dd-5220-4a36-9ffa-a9b6bd75c5eb - 58709 - ingest_crypto_file_op - STEP_OUTPUT - Yielded output "result" of type "Any". (Type check passed).
2026-02-20 22:43:30 +0000 - dagster - DEBUG - crypto_ingestion_job - e89278dd-5220-4a36-9ffa-a9b6bd75c5eb - ingest_crypto_file_op - Writing file at: /opt/dagster/dagster_home/storage/e89278dd-5220-4a36-9ffa-a9b6bd75c5eb/ingest_crypto_file_op/result using PickledObjectFilesystemIOManager...
2026-02-20 22:43:30 +0000 - dagster - DEBUG - crypto_ingestion_job - e89278dd-5220-4a36-9ffa-a9b6bd75c5eb - 58709 - ingest_crypto_file_op - HANDLED_OUTPUT - Handled output "result" using IO manager "io_manager"
2026-02-20 22:43:30 +0000 - dagster - DEBUG - crypto_ingestion_job - e89278dd-5220-4a36-9ffa-a9b6bd75c5eb - 58709 - ingest_crypto_file_op - STEP_SUCCESS - Finished execution of step "ingest_crypto_file_op" in 6.37s.
