2026-02-20 22:42:47 +0000 - dagster - DEBUG - crypto_ingestion_job - bbbfedea-3ec3-4e7b-9589-ac174664556b - 58040 - LOGS_CAPTURED - Started capturing logs in process (pid: 58040).
2026-02-20 22:42:47 +0000 - dagster - DEBUG - crypto_ingestion_job - bbbfedea-3ec3-4e7b-9589-ac174664556b - 58040 - ingest_crypto_file_op - STEP_START - Started execution of step "ingest_crypto_file_op".
2026-02-20 22:42:47 +0000 - dagster - INFO - crypto_ingestion_job - bbbfedea-3ec3-4e7b-9589-ac174664556b - ingest_crypto_file_op - Ingestando BTCUSDT (5m) do caminho: cryptocurrency/BTCUSDT-5m-2026-01.csv
2026-02-20 22:42:47 +0000 - dagster - INFO - crypto_ingestion_job - bbbfedea-3ec3-4e7b-9589-ac174664556b - ingest_crypto_file_op - Ingesting cryptocurrency/BTCUSDT-5m-2026-01.csv
2026-02-20 22:42:47 +0000 - dagster - INFO - crypto_ingestion_job - bbbfedea-3ec3-4e7b-9589-ac174664556b - ingest_crypto_file_op - shape: (10, 14)
в”Ңв”Җв”Җв”Җв”Җв”Җв”Җв”Җв”Җв”Җв”Җв”Җв”Җв”Җв”¬в”Җв”Җв”Җв”Җв”Җв”Җв”Җв”Җв”Җв”¬в”Җв”Җв”Җв”Җв”Җв”Җв”Җв”Җв”Җв”¬в”Җв”Җв”Җв”Җв”Җв”Җв”Җв”Җв”Җв”¬в”Җв”Җв”Җв”¬в”Җв”Җв”Җв”Җв”Җв”Җв”Җв”Җв”Җв”Җв”Җв”Җв”Җв”¬в”Җв”Җв”Җв”Җв”Җв”Җв”Җв”Җв”¬в”Җв”Җв”Җв”Җв”Җв”Җв”Җв”Җв”Җв”Җв”Җв”Җв”Җв”¬в”Җв”Җв”Җв”Җв”Җв”Җв”Җв”Җв”Җв”Җв”Җв”Җв”Җв”җ
в”Ӯ open_time   в”Ҷ open    в”Ҷ high    в”Ҷ low     в”Ҷ вҖҰ в”Ҷ taker_buy_q в”Ҷ ignore в”Ҷ _source_fil в”Ҷ _ingestion_ в”Ӯ
в”Ӯ ---         в”Ҷ ---     в”Ҷ ---     в”Ҷ ---     в”Ҷ   в”Ҷ uote_volume в”Ҷ ---    в”Ҷ e           в”Ҷ time        в”Ӯ
в”Ӯ i64         в”Ҷ f64     в”Ҷ f64     в”Ҷ f64     в”Ҷ   в”Ҷ ---         в”Ҷ i64    в”Ҷ ---         в”Ҷ ---         в”Ӯ
в”Ӯ             в”Ҷ         в”Ҷ         в”Ҷ         в”Ҷ   в”Ҷ f64         в”Ҷ        в”Ҷ str         в”Ҷ str         в”Ӯ
в•һв•җв•җв•җв•җв•җв•җв•җв•җв•җв•җв•җв•җв•җв•Әв•җв•җв•җв•җв•җв•җв•җв•җв•җв•Әв•җв•җв•җв•җв•җв•җв•җв•җв•җв•Әв•җв•җв•җв•җв•җв•җв•җв•җв•җв•Әв•җв•җв•җв•Әв•җв•җв•җв•җв•җв•җв•җв•җв•җв•җв•җв•җв•җв•Әв•җв•җв•җв•җв•җв•җв•җв•җв•Әв•җв•җв•җв•җв•җв•җв•җв•җв•җв•җв•җв•җв•җв•Әв•җв•җв•җв•җв•җв•җв•җв•җв•җв•җв•җв•җв•җв•Ў
в”Ӯ 17672256000 в”Ҷ 87608.3 в”Ҷ 87671.7 в”Ҷ 87600.0 в”Ҷ вҖҰ в”Ҷ 1.1719e7    в”Ҷ 0      в”Ҷ cryptocurre в”Ҷ 2026-02-20T в”Ӯ
в”Ӯ 00          в”Ҷ         в”Ҷ         в”Ҷ         в”Ҷ   в”Ҷ             в”Ҷ        в”Ҷ ncy/BTCUSDT в”Ҷ 22:42:47.48 в”Ӯ
в”Ӯ             в”Ҷ         в”Ҷ         в”Ҷ         в”Ҷ   в”Ҷ             в”Ҷ        в”Ҷ -5m-2026вҖҰ   в”Ҷ 6928+00:вҖҰ   в”Ӯ
в”Ӯ 17672259000 в”Ҷ 87671.6 в”Ҷ 87791.9 в”Ҷ 87671.6 в”Ҷ вҖҰ в”Ҷ 2.2459e7    в”Ҷ 0      в”Ҷ cryptocurre в”Ҷ 2026-02-20T в”Ӯ
в”Ӯ 00          в”Ҷ         в”Ҷ         в”Ҷ         в”Ҷ   в”Ҷ             в”Ҷ        в”Ҷ ncy/BTCUSDT в”Ҷ 22:42:47.48 в”Ӯ
в”Ӯ             в”Ҷ         в”Ҷ         в”Ҷ         в”Ҷ   в”Ҷ             в”Ҷ        в”Ҷ -5m-2026вҖҰ   в”Ҷ 6928+00:вҖҰ   в”Ӯ
в”Ӯ 17672262000 в”Ҷ 87734.5 в”Ҷ 87734.5 в”Ҷ 87705.0 в”Ҷ вҖҰ в”Ҷ 5.0264e6    в”Ҷ 0      в”Ҷ cryptocurre в”Ҷ 2026-02-20T в”Ӯ
в”Ӯ 00          в”Ҷ         в”Ҷ         в”Ҷ         в”Ҷ   в”Ҷ             в”Ҷ        в”Ҷ ncy/BTCUSDT в”Ҷ 22:42:47.48 в”Ӯ
в”Ӯ             в”Ҷ         в”Ҷ         в”Ҷ         в”Ҷ   в”Ҷ             в”Ҷ        в”Ҷ -5m-2026вҖҰ   в”Ҷ 6928+00:вҖҰ   в”Ӯ
в”Ӯ 17672265000 в”Ҷ 87705.0 в”Ҷ 87735.0 в”Ҷ 87705.0 в”Ҷ вҖҰ в”Ҷ 4.8670e6    в”Ҷ 0      в”Ҷ cryptocurre в”Ҷ 2026-02-20T в”Ӯ
в”Ӯ 00          в”Ҷ         в”Ҷ         в”Ҷ         в”Ҷ   в”Ҷ             в”Ҷ        в”Ҷ ncy/BTCUSDT в”Ҷ 22:42:47.48 в”Ӯ
в”Ӯ             в”Ҷ         в”Ҷ         в”Ҷ         в”Ҷ   в”Ҷ             в”Ҷ        в”Ҷ -5m-2026вҖҰ   в”Ҷ 6928+00:вҖҰ   в”Ӯ
в”Ӯ 17672268000 в”Ҷ 87734.9 в”Ҷ 87747.3 в”Ҷ 87733.9 в”Ҷ вҖҰ в”Ҷ 4.1907e6    в”Ҷ 0      в”Ҷ cryptocurre в”Ҷ 2026-02-20T в”Ӯ
в”Ӯ 00          в”Ҷ         в”Ҷ         в”Ҷ         в”Ҷ   в”Ҷ             в”Ҷ        в”Ҷ ncy/BTCUSDT в”Ҷ 22:42:47.48 в”Ӯ
в”Ӯ             в”Ҷ         в”Ҷ         в”Ҷ         в”Ҷ   в”Ҷ             в”Ҷ        в”Ҷ -5m-2026вҖҰ   в”Ҷ 6928+00:вҖҰ   в”Ӯ
в”Ӯ 17672271000 в”Ҷ 87737.0 в”Ҷ 87754.0 в”Ҷ 87734.1 в”Ҷ вҖҰ в”Ҷ 3.2978e6    в”Ҷ 0      в”Ҷ cryptocurre в”Ҷ 2026-02-20T в”Ӯ
в”Ӯ 00          в”Ҷ         в”Ҷ         в”Ҷ         в”Ҷ   в”Ҷ             в”Ҷ        в”Ҷ ncy/BTCUSDT в”Ҷ 22:42:47.48 в”Ӯ
в”Ӯ             в”Ҷ         в”Ҷ         в”Ҷ         в”Ҷ   в”Ҷ             в”Ҷ        в”Ҷ -5m-2026вҖҰ   в”Ҷ 6928+00:вҖҰ   в”Ӯ
в”Ӯ 17672274000 в”Ҷ 87746.3 в”Ҷ 87747.0 в”Ҷ 87716.2 в”Ҷ вҖҰ в”Ҷ 3.6289e6    в”Ҷ 0      в”Ҷ cryptocurre в”Ҷ 2026-02-20T в”Ӯ
в”Ӯ 00          в”Ҷ         в”Ҷ         в”Ҷ         в”Ҷ   в”Ҷ             в”Ҷ        в”Ҷ ncy/BTCUSDT в”Ҷ 22:42:47.48 в”Ӯ
в”Ӯ             в”Ҷ         в”Ҷ         в”Ҷ         в”Ҷ   в”Ҷ             в”Ҷ        в”Ҷ -5m-2026вҖҰ   в”Ҷ 6928+00:вҖҰ   в”Ӯ
в”Ӯ 17672277000 в”Ҷ 87716.3 в”Ҷ 87731.8 в”Ҷ 87701.7 в”Ҷ вҖҰ в”Ҷ 4.4556e6    в”Ҷ 0      в”Ҷ cryptocurre в”Ҷ 2026-02-20T в”Ӯ
в”Ӯ 00          в”Ҷ         в”Ҷ         в”Ҷ         в”Ҷ   в”Ҷ             в”Ҷ        в”Ҷ ncy/BTCUSDT в”Ҷ 22:42:47.48 в”Ӯ
в”Ӯ             в”Ҷ         в”Ҷ         в”Ҷ         в”Ҷ   в”Ҷ             в”Ҷ        в”Ҷ -5m-2026вҖҰ   в”Ҷ 6928+00:вҖҰ   в”Ӯ
в”Ӯ 17672280000 в”Ҷ 87721.8 в”Ҷ 87729.3 в”Ҷ 87706.2 в”Ҷ вҖҰ в”Ҷ 3.5975e6    в”Ҷ 0      в”Ҷ cryptocurre в”Ҷ 2026-02-20T в”Ӯ
в”Ӯ 00          в”Ҷ         в”Ҷ         в”Ҷ         в”Ҷ   в”Ҷ             в”Ҷ        в”Ҷ ncy/BTCUSDT в”Ҷ 22:42:47.48 в”Ӯ
в”Ӯ             в”Ҷ         в”Ҷ         в”Ҷ         в”Ҷ   в”Ҷ             в”Ҷ        в”Ҷ -5m-2026вҖҰ   в”Ҷ 6928+00:вҖҰ   в”Ӯ
в”Ӯ 17672283000 в”Ҷ 87715.0 в”Ҷ 87783.8 в”Ҷ 87714.9 в”Ҷ вҖҰ в”Ҷ 5.6381e6    в”Ҷ 0      в”Ҷ cryptocurre в”Ҷ 2026-02-20T в”Ӯ
в”Ӯ 00          в”Ҷ         в”Ҷ         в”Ҷ         в”Ҷ   в”Ҷ             в”Ҷ        в”Ҷ ncy/BTCUSDT в”Ҷ 22:42:47.48 в”Ӯ
в”Ӯ             в”Ҷ         в”Ҷ         в”Ҷ         в”Ҷ   в”Ҷ             в”Ҷ        в”Ҷ -5m-2026вҖҰ   в”Ҷ 6928+00:вҖҰ   в”Ӯ
в””в”Җв”Җв”Җв”Җв”Җв”Җв”Җв”Җв”Җв”Җв”Җв”Җв”Җв”ҙв”Җв”Җв”Җв”Җв”Җв”Җв”Җв”Җв”Җв”ҙв”Җв”Җв”Җв”Җв”Җв”Җв”Җв”Җв”Җв”ҙв”Җв”Җв”Җв”Җв”Җв”Җв”Җв”Җв”Җв”ҙв”Җв”Җв”Җв”ҙв”Җв”Җв”Җв”Җв”Җв”Җв”Җв”Җв”Җв”Җв”Җв”Җв”Җв”ҙв”Җв”Җв”Җв”Җв”Җв”Җв”Җв”Җв”ҙв”Җв”Җв”Җв”Җв”Җв”Җв”Җв”Җв”Җв”Җв”Җв”Җв”Җв”ҙв”Җв”Җв”Җв”Җв”Җв”Җв”Җв”Җв”Җв”Җв”Җв”Җв”Җв”ҳ
2026-02-20 22:42:50 +0000 - dagster - INFO - crypto_ingestion_job - bbbfedea-3ec3-4e7b-9589-ac174664556b - ingest_crypto_file_op - вң” RAW ingestГЈo concluГӯda
2026-02-20 22:42:50 +0000 - dagster - DEBUG - crypto_ingestion_job - bbbfedea-3ec3-4e7b-9589-ac174664556b - 58040 - ingest_crypto_file_op - STEP_OUTPUT - Yielded output "result" of type "Any". (Type check passed).
2026-02-20 22:42:50 +0000 - dagster - DEBUG - crypto_ingestion_job - bbbfedea-3ec3-4e7b-9589-ac174664556b - ingest_crypto_file_op - Writing file at: /opt/dagster/dagster_home/storage/bbbfedea-3ec3-4e7b-9589-ac174664556b/ingest_crypto_file_op/result using PickledObjectFilesystemIOManager...
2026-02-20 22:42:50 +0000 - dagster - DEBUG - crypto_ingestion_job - bbbfedea-3ec3-4e7b-9589-ac174664556b - 58040 - ingest_crypto_file_op - HANDLED_OUTPUT - Handled output "result" using IO manager "io_manager"
2026-02-20 22:42:50 +0000 - dagster - DEBUG - crypto_ingestion_job - bbbfedea-3ec3-4e7b-9589-ac174664556b - 58040 - ingest_crypto_file_op - STEP_SUCCESS - Finished execution of step "ingest_crypto_file_op" in 2.98s.
