2026-02-20 22:43:14 +0000 - dagster - DEBUG - crypto_ingestion_job - 3735e572-9f20-43dc-95b6-d448c5373cab - 58556 - LOGS_CAPTURED - Started capturing logs in process (pid: 58556).
2026-02-20 22:43:14 +0000 - dagster - DEBUG - crypto_ingestion_job - 3735e572-9f20-43dc-95b6-d448c5373cab - 58556 - ingest_crypto_file_op - STEP_START - Started execution of step "ingest_crypto_file_op".
2026-02-20 22:43:14 +0000 - dagster - INFO - crypto_ingestion_job - 3735e572-9f20-43dc-95b6-d448c5373cab - ingest_crypto_file_op - Ingestando BTCUSDT (5m) do caminho: cryptocurrency/BTCUSDT-5m-2025-01.csv
2026-02-20 22:43:14 +0000 - dagster - INFO - crypto_ingestion_job - 3735e572-9f20-43dc-95b6-d448c5373cab - ingest_crypto_file_op - Ingesting cryptocurrency/BTCUSDT-5m-2025-01.csv
2026-02-20 22:43:14 +0000 - dagster - INFO - crypto_ingestion_job - 3735e572-9f20-43dc-95b6-d448c5373cab - ingest_crypto_file_op - shape: (10, 14)
в”Ңв”Җв”Җв”Җв”Җв”Җв”Җв”Җв”Җв”Җв”Җв”Җв”Җв”Җв”¬в”Җв”Җв”Җв”Җв”Җв”Җв”Җв”Җв”Җв”¬в”Җв”Җв”Җв”Җв”Җв”Җв”Җв”Җв”Җв”¬в”Җв”Җв”Җв”Җв”Җв”Җв”Җв”Җв”Җв”¬в”Җв”Җв”Җв”¬в”Җв”Җв”Җв”Җв”Җв”Җв”Җв”Җв”Җв”Җв”Җв”Җв”Җв”¬в”Җв”Җв”Җв”Җв”Җв”Җв”Җв”Җв”¬в”Җв”Җв”Җв”Җв”Җв”Җв”Җв”Җв”Җв”Җв”Җв”Җв”Җв”¬в”Җв”Җв”Җв”Җв”Җв”Җв”Җв”Җв”Җв”Җв”Җв”Җв”Җв”җ
в”Ӯ open_time   в”Ҷ open    в”Ҷ high    в”Ҷ low     в”Ҷ вҖҰ в”Ҷ taker_buy_q в”Ҷ ignore в”Ҷ _source_fil в”Ҷ _ingestion_ в”Ӯ
в”Ӯ ---         в”Ҷ ---     в”Ҷ ---     в”Ҷ ---     в”Ҷ   в”Ҷ uote_volume в”Ҷ ---    в”Ҷ e           в”Ҷ time        в”Ӯ
в”Ӯ i64         в”Ҷ f64     в”Ҷ f64     в”Ҷ f64     в”Ҷ   в”Ҷ ---         в”Ҷ i64    в”Ҷ ---         в”Ҷ ---         в”Ӯ
в”Ӯ             в”Ҷ         в”Ҷ         в”Ҷ         в”Ҷ   в”Ҷ f64         в”Ҷ        в”Ҷ str         в”Ҷ str         в”Ӯ
в•һв•җв•җв•җв•җв•җв•җв•җв•җв•җв•җв•җв•җв•җв•Әв•җв•җв•җв•җв•җв•җв•җв•җв•җв•Әв•җв•җв•җв•җв•җв•җв•җв•җв•җв•Әв•җв•җв•җв•җв•җв•җв•җв•җв•җв•Әв•җв•җв•җв•Әв•җв•җв•җв•җв•җв•җв•җв•җв•җв•җв•җв•җв•җв•Әв•җв•җв•җв•җв•җв•җв•җв•җв•Әв•җв•җв•җв•җв•җв•җв•җв•җв•җв•җв•җв•җв•җв•Әв•җв•җв•җв•җв•җв•җв•җв•җв•җв•җв•җв•җв•җв•Ў
в”Ӯ 17356896000 в”Ҷ 93548.8 в”Ҷ 93690.0 в”Ҷ 93514.2 в”Ҷ вҖҰ в”Ҷ 1.3886e7    в”Ҷ 0      в”Ҷ cryptocurre в”Ҷ 2026-02-20T в”Ӯ
в”Ӯ 00          в”Ҷ         в”Ҷ         в”Ҷ         в”Ҷ   в”Ҷ             в”Ҷ        в”Ҷ ncy/BTCUSDT в”Ҷ 22:43:14.86 в”Ӯ
в”Ӯ             в”Ҷ         в”Ҷ         в”Ҷ         в”Ҷ   в”Ҷ             в”Ҷ        в”Ҷ -5m-2025вҖҰ   в”Ҷ 3214+00:вҖҰ   в”Ӯ
в”Ӯ 17356899000 в”Ҷ 93648.3 в”Ҷ 93666.7 в”Ҷ 93576.9 в”Ҷ вҖҰ в”Ҷ 7.7250e6    в”Ҷ 0      в”Ҷ cryptocurre в”Ҷ 2026-02-20T в”Ӯ
в”Ӯ 00          в”Ҷ         в”Ҷ         в”Ҷ         в”Ҷ   в”Ҷ             в”Ҷ        в”Ҷ ncy/BTCUSDT в”Ҷ 22:43:14.86 в”Ӯ
в”Ӯ             в”Ҷ         в”Ҷ         в”Ҷ         в”Ҷ   в”Ҷ             в”Ҷ        в”Ҷ -5m-2025вҖҰ   в”Ҷ 3214+00:вҖҰ   в”Ӯ
в”Ӯ 17356902000 в”Ҷ 93586.0 в”Ҷ 93637.2 в”Ҷ 93460.2 в”Ҷ вҖҰ в”Ҷ 1.3196e7    в”Ҷ 0      в”Ҷ cryptocurre в”Ҷ 2026-02-20T в”Ӯ
в”Ӯ 00          в”Ҷ         в”Ҷ         в”Ҷ         в”Ҷ   в”Ҷ             в”Ҷ        в”Ҷ ncy/BTCUSDT в”Ҷ 22:43:14.86 в”Ӯ
в”Ӯ             в”Ҷ         в”Ҷ         в”Ҷ         в”Ҷ   в”Ҷ             в”Ҷ        в”Ҷ -5m-2025вҖҰ   в”Ҷ 3214+00:вҖҰ   в”Ӯ
в”Ӯ 17356905000 в”Ҷ 93631.2 в”Ҷ 93829.4 в”Ҷ 93588.0 в”Ҷ вҖҰ в”Ҷ 3.0975e7    в”Ҷ 0      в”Ҷ cryptocurre в”Ҷ 2026-02-20T в”Ӯ
в”Ӯ 00          в”Ҷ         в”Ҷ         в”Ҷ         в”Ҷ   в”Ҷ             в”Ҷ        в”Ҷ ncy/BTCUSDT в”Ҷ 22:43:14.86 в”Ӯ
в”Ӯ             в”Ҷ         в”Ҷ         в”Ҷ         в”Ҷ   в”Ҷ             в”Ҷ        в”Ҷ -5m-2025вҖҰ   в”Ҷ 3214+00:вҖҰ   в”Ӯ
в”Ӯ 17356908000 в”Ҷ 93781.0 в”Ҷ 93885.0 в”Ҷ 93680.0 в”Ҷ вҖҰ в”Ҷ 1.9220e7    в”Ҷ 0      в”Ҷ cryptocurre в”Ҷ 2026-02-20T в”Ӯ
в”Ӯ 00          в”Ҷ         в”Ҷ         в”Ҷ         в”Ҷ   в”Ҷ             в”Ҷ        в”Ҷ ncy/BTCUSDT в”Ҷ 22:43:14.86 в”Ӯ
в”Ӯ             в”Ҷ         в”Ҷ         в”Ҷ         в”Ҷ   в”Ҷ             в”Ҷ        в”Ҷ -5m-2025вҖҰ   в”Ҷ 3214+00:вҖҰ   в”Ӯ
в”Ӯ 17356911000 в”Ҷ 93712.0 в”Ҷ 93744.3 в”Ҷ 93692.1 в”Ҷ вҖҰ в”Ҷ 7.4898e6    в”Ҷ 0      в”Ҷ cryptocurre в”Ҷ 2026-02-20T в”Ӯ
в”Ӯ 00          в”Ҷ         в”Ҷ         в”Ҷ         в”Ҷ   в”Ҷ             в”Ҷ        в”Ҷ ncy/BTCUSDT в”Ҷ 22:43:14.86 в”Ӯ
в”Ӯ             в”Ҷ         в”Ҷ         в”Ҷ         в”Ҷ   в”Ҷ             в”Ҷ        в”Ҷ -5m-2025вҖҰ   в”Ҷ 3214+00:вҖҰ   в”Ӯ
в”Ӯ 17356914000 в”Ҷ 93743.4 в”Ҷ 93948.7 в”Ҷ 93743.3 в”Ҷ вҖҰ в”Ҷ 3.3039e7    в”Ҷ 0      в”Ҷ cryptocurre в”Ҷ 2026-02-20T в”Ӯ
в”Ӯ 00          в”Ҷ         в”Ҷ         в”Ҷ         в”Ҷ   в”Ҷ             в”Ҷ        в”Ҷ ncy/BTCUSDT в”Ҷ 22:43:14.86 в”Ӯ
в”Ӯ             в”Ҷ         в”Ҷ         в”Ҷ         в”Ҷ   в”Ҷ             в”Ҷ        в”Ҷ -5m-2025вҖҰ   в”Ҷ 3214+00:вҖҰ   в”Ӯ
в”Ӯ 17356917000 в”Ҷ 93867.8 в”Ҷ 93910.0 в”Ҷ 93810.0 в”Ҷ вҖҰ в”Ҷ 1.7599e7    в”Ҷ 0      в”Ҷ cryptocurre в”Ҷ 2026-02-20T в”Ӯ
в”Ӯ 00          в”Ҷ         в”Ҷ         в”Ҷ         в”Ҷ   в”Ҷ             в”Ҷ        в”Ҷ ncy/BTCUSDT в”Ҷ 22:43:14.86 в”Ӯ
в”Ӯ             в”Ҷ         в”Ҷ         в”Ҷ         в”Ҷ   в”Ҷ             в”Ҷ        в”Ҷ -5m-2025вҖҰ   в”Ҷ 3214+00:вҖҰ   в”Ӯ
в”Ӯ 17356920000 в”Ҷ 93893.0 в”Ҷ 93939.7 в”Ҷ 93856.1 в”Ҷ вҖҰ в”Ҷ 1.2331e7    в”Ҷ 0      в”Ҷ cryptocurre в”Ҷ 2026-02-20T в”Ӯ
в”Ӯ 00          в”Ҷ         в”Ҷ         в”Ҷ         в”Ҷ   в”Ҷ             в”Ҷ        в”Ҷ ncy/BTCUSDT в”Ҷ 22:43:14.86 в”Ӯ
в”Ӯ             в”Ҷ         в”Ҷ         в”Ҷ         в”Ҷ   в”Ҷ             в”Ҷ        в”Ҷ -5m-2025вҖҰ   в”Ҷ 3214+00:вҖҰ   в”Ӯ
в”Ӯ 17356923000 в”Ҷ 93857.1 в”Ҷ 93957.8 в”Ҷ 93834.8 в”Ҷ вҖҰ в”Ҷ 1.1007e7    в”Ҷ 0      в”Ҷ cryptocurre в”Ҷ 2026-02-20T в”Ӯ
в”Ӯ 00          в”Ҷ         в”Ҷ         в”Ҷ         в”Ҷ   в”Ҷ             в”Ҷ        в”Ҷ ncy/BTCUSDT в”Ҷ 22:43:14.86 в”Ӯ
в”Ӯ             в”Ҷ         в”Ҷ         в”Ҷ         в”Ҷ   в”Ҷ             в”Ҷ        в”Ҷ -5m-2025вҖҰ   в”Ҷ 3214+00:вҖҰ   в”Ӯ
в””в”Җв”Җв”Җв”Җв”Җв”Җв”Җв”Җв”Җв”Җв”Җв”Җв”Җв”ҙв”Җв”Җв”Җв”Җв”Җв”Җв”Җв”Җв”Җв”ҙв”Җв”Җв”Җв”Җв”Җв”Җв”Җв”Җв”Җв”ҙв”Җв”Җв”Җв”Җв”Җв”Җв”Җв”Җв”Җв”ҙв”Җв”Җв”Җв”ҙв”Җв”Җв”Җв”Җв”Җв”Җв”Җв”Җв”Җв”Җв”Җв”Җв”Җв”ҙв”Җв”Җв”Җв”Җв”Җв”Җв”Җв”Җв”ҙв”Җв”Җв”Җв”Җв”Җв”Җв”Җв”Җв”Җв”Җв”Җв”Җв”Җв”ҙв”Җв”Җв”Җв”Җв”Җв”Җв”Җв”Җв”Җв”Җв”Җв”Җв”Җв”ҳ
2026-02-20 22:43:18 +0000 - dagster - INFO - crypto_ingestion_job - 3735e572-9f20-43dc-95b6-d448c5373cab - ingest_crypto_file_op - вң” RAW ingestГЈo concluГӯda
2026-02-20 22:43:18 +0000 - dagster - DEBUG - crypto_ingestion_job - 3735e572-9f20-43dc-95b6-d448c5373cab - 58556 - ingest_crypto_file_op - STEP_OUTPUT - Yielded output "result" of type "Any". (Type check passed).
2026-02-20 22:43:18 +0000 - dagster - DEBUG - crypto_ingestion_job - 3735e572-9f20-43dc-95b6-d448c5373cab - ingest_crypto_file_op - Writing file at: /opt/dagster/dagster_home/storage/3735e572-9f20-43dc-95b6-d448c5373cab/ingest_crypto_file_op/result using PickledObjectFilesystemIOManager...
2026-02-20 22:43:18 +0000 - dagster - DEBUG - crypto_ingestion_job - 3735e572-9f20-43dc-95b6-d448c5373cab - 58556 - ingest_crypto_file_op - HANDLED_OUTPUT - Handled output "result" using IO manager "io_manager"
2026-02-20 22:43:18 +0000 - dagster - DEBUG - crypto_ingestion_job - 3735e572-9f20-43dc-95b6-d448c5373cab - 58556 - ingest_crypto_file_op - STEP_SUCCESS - Finished execution of step "ingest_crypto_file_op" in 3.43s.
