2026-02-20 22:43:41 +0000 - dagster - DEBUG - crypto_ingestion_job - e2e6195b-357a-40cd-b7e2-d0e6d7409e23 - 58878 - LOGS_CAPTURED - Started capturing logs in process (pid: 58878).
2026-02-20 22:43:41 +0000 - dagster - DEBUG - crypto_ingestion_job - e2e6195b-357a-40cd-b7e2-d0e6d7409e23 - 58878 - ingest_crypto_file_op - STEP_START - Started execution of step "ingest_crypto_file_op".
2026-02-20 22:43:41 +0000 - dagster - INFO - crypto_ingestion_job - e2e6195b-357a-40cd-b7e2-d0e6d7409e23 - ingest_crypto_file_op - Ingestando BTCUSDT (5m) do caminho: cryptocurrency/BTCUSDT-5m-2025-05.csv
2026-02-20 22:43:42 +0000 - dagster - INFO - crypto_ingestion_job - e2e6195b-357a-40cd-b7e2-d0e6d7409e23 - ingest_crypto_file_op - Ingesting cryptocurrency/BTCUSDT-5m-2025-05.csv
2026-02-20 22:43:48 +0000 - dagster - INFO - crypto_ingestion_job - e2e6195b-357a-40cd-b7e2-d0e6d7409e23 - ingest_crypto_file_op - shape: (10, 14)
┌─────────────┬─────────┬─────────┬─────────┬───┬─────────────┬────────┬─────────────┬─────────────┐
│ open_time   ┆ open    ┆ high    ┆ low     ┆ … ┆ taker_buy_q ┆ ignore ┆ _source_fil ┆ _ingestion_ │
│ ---         ┆ ---     ┆ ---     ┆ ---     ┆   ┆ uote_volume ┆ ---    ┆ e           ┆ time        │
│ i64         ┆ f64     ┆ f64     ┆ f64     ┆   ┆ ---         ┆ i64    ┆ ---         ┆ ---         │
│             ┆         ┆         ┆         ┆   ┆ f64         ┆        ┆ str         ┆ str         │
╞═════════════╪═════════╪═════════╪═════════╪═══╪═════════════╪════════╪═════════════╪═════════════╡
│ 17460576000 ┆ 94125.2 ┆ 94190.4 ┆ 94086.7 ┆ … ┆ 1.0985e7    ┆ 0      ┆ cryptocurre ┆ 2026-02-20T │
│ 00          ┆         ┆         ┆         ┆   ┆             ┆        ┆ ncy/BTCUSDT ┆ 22:43:42.74 │
│             ┆         ┆         ┆         ┆   ┆             ┆        ┆ -5m-2025…   ┆ 2636+00:…   │
│ 17460579000 ┆ 94190.3 ┆ 94257.0 ┆ 94119.6 ┆ … ┆ 1.6107e7    ┆ 0      ┆ cryptocurre ┆ 2026-02-20T │
│ 00          ┆         ┆         ┆         ┆   ┆             ┆        ┆ ncy/BTCUSDT ┆ 22:43:42.74 │
│             ┆         ┆         ┆         ┆   ┆             ┆        ┆ -5m-2025…   ┆ 2636+00:…   │
│ 17460582000 ┆ 94256.9 ┆ 94299.3 ┆ 94216.2 ┆ … ┆ 1.0607e7    ┆ 0      ┆ cryptocurre ┆ 2026-02-20T │
│ 00          ┆         ┆         ┆         ┆   ┆             ┆        ┆ ncy/BTCUSDT ┆ 22:43:42.74 │
│             ┆         ┆         ┆         ┆   ┆             ┆        ┆ -5m-2025…   ┆ 2636+00:…   │
│ 17460585000 ┆ 94223.7 ┆ 94271.2 ┆ 94154.6 ┆ … ┆ 6.5244e6    ┆ 0      ┆ cryptocurre ┆ 2026-02-20T │
│ 00          ┆         ┆         ┆         ┆   ┆             ┆        ┆ ncy/BTCUSDT ┆ 22:43:42.74 │
│             ┆         ┆         ┆         ┆   ┆             ┆        ┆ -5m-2025…   ┆ 2636+00:…   │
│ 17460588000 ┆ 94187.8 ┆ 94218.9 ┆ 94127.0 ┆ … ┆ 8.8649e6    ┆ 0      ┆ cryptocurre ┆ 2026-02-20T │
│ 00          ┆         ┆         ┆         ┆   ┆             ┆        ┆ ncy/BTCUSDT ┆ 22:43:42.74 │
│             ┆         ┆         ┆         ┆   ┆             ┆        ┆ -5m-2025…   ┆ 2636+00:…   │
│ 17460591000 ┆ 94218.9 ┆ 94281.9 ┆ 94201.3 ┆ … ┆ 8.8511e6    ┆ 0      ┆ cryptocurre ┆ 2026-02-20T │
│ 00          ┆         ┆         ┆         ┆   ┆             ┆        ┆ ncy/BTCUSDT ┆ 22:43:42.74 │
│             ┆         ┆         ┆         ┆   ┆             ┆        ┆ -5m-2025…   ┆ 2636+00:…   │
│ 17460594000 ┆ 94238.6 ┆ 94250.0 ┆ 94165.3 ┆ … ┆ 4.5831e6    ┆ 0      ┆ cryptocurre ┆ 2026-02-20T │
│ 00          ┆         ┆         ┆         ┆   ┆             ┆        ┆ ncy/BTCUSDT ┆ 22:43:42.74 │
│             ┆         ┆         ┆         ┆   ┆             ┆        ┆ -5m-2025…   ┆ 2636+00:…   │
│ 17460597000 ┆ 94212.1 ┆ 94243.0 ┆ 94169.0 ┆ … ┆ 4.0953e6    ┆ 0      ┆ cryptocurre ┆ 2026-02-20T │
│ 00          ┆         ┆         ┆         ┆   ┆             ┆        ┆ ncy/BTCUSDT ┆ 22:43:42.74 │
│             ┆         ┆         ┆         ┆   ┆             ┆        ┆ -5m-2025…   ┆ 2636+00:…   │
│ 17460600000 ┆ 94205.1 ┆ 94248.6 ┆ 94205.1 ┆ … ┆ 4.5185e6    ┆ 0      ┆ cryptocurre ┆ 2026-02-20T │
│ 00          ┆         ┆         ┆         ┆   ┆             ┆        ┆ ncy/BTCUSDT ┆ 22:43:42.74 │
│             ┆         ┆         ┆         ┆   ┆             ┆        ┆ -5m-2025…   ┆ 2636+00:…   │
│ 17460603000 ┆ 94239.3 ┆ 94332.5 ┆ 94239.2 ┆ … ┆ 1.1804e7    ┆ 0      ┆ cryptocurre ┆ 2026-02-20T │
│ 00          ┆         ┆         ┆         ┆   ┆             ┆        ┆ ncy/BTCUSDT ┆ 22:43:42.74 │
│             ┆         ┆         ┆         ┆   ┆             ┆        ┆ -5m-2025…   ┆ 2636+00:…   │
└─────────────┴─────────┴─────────┴─────────┴───┴─────────────┴────────┴─────────────┴─────────────┘
2026-02-20 22:43:54 +0000 - dagster - INFO - crypto_ingestion_job - e2e6195b-357a-40cd-b7e2-d0e6d7409e23 - ingest_crypto_file_op - ✔ RAW ingestão concluída
2026-02-20 22:43:54 +0000 - dagster - DEBUG - crypto_ingestion_job - e2e6195b-357a-40cd-b7e2-d0e6d7409e23 - 58878 - ingest_crypto_file_op - STEP_OUTPUT - Yielded output "result" of type "Any". (Type check passed).
2026-02-20 22:43:54 +0000 - dagster - DEBUG - crypto_ingestion_job - e2e6195b-357a-40cd-b7e2-d0e6d7409e23 - ingest_crypto_file_op - Writing file at: /opt/dagster/dagster_home/storage/e2e6195b-357a-40cd-b7e2-d0e6d7409e23/ingest_crypto_file_op/result using PickledObjectFilesystemIOManager...
2026-02-20 22:43:55 +0000 - dagster - DEBUG - crypto_ingestion_job - e2e6195b-357a-40cd-b7e2-d0e6d7409e23 - 58878 - ingest_crypto_file_op - HANDLED_OUTPUT - Handled output "result" using IO manager "io_manager"
2026-02-20 22:43:55 +0000 - dagster - DEBUG - crypto_ingestion_job - e2e6195b-357a-40cd-b7e2-d0e6d7409e23 - 58878 - ingest_crypto_file_op - STEP_SUCCESS - Finished execution of step "ingest_crypto_file_op" in 13.45s.
