2026-02-20 22:42:49 +0000 - dagster - DEBUG - crypto_ingestion_job - 990f7611-92ee-4811-b8c5-b0faecf3a320 - 58095 - LOGS_CAPTURED - Started capturing logs in process (pid: 58095).
2026-02-20 22:42:49 +0000 - dagster - DEBUG - crypto_ingestion_job - 990f7611-92ee-4811-b8c5-b0faecf3a320 - 58095 - ingest_crypto_file_op - STEP_START - Started execution of step "ingest_crypto_file_op".
2026-02-20 22:42:49 +0000 - dagster - INFO - crypto_ingestion_job - 990f7611-92ee-4811-b8c5-b0faecf3a320 - ingest_crypto_file_op - Ingestando ETHUSDT (5m) do caminho: cryptocurrency/ETHUSDT-5m-2026-01.csv
2026-02-20 22:42:49 +0000 - dagster - INFO - crypto_ingestion_job - 990f7611-92ee-4811-b8c5-b0faecf3a320 - ingest_crypto_file_op - Ingesting cryptocurrency/ETHUSDT-5m-2026-01.csv
2026-02-20 22:42:50 +0000 - dagster - INFO - crypto_ingestion_job - 990f7611-92ee-4811-b8c5-b0faecf3a320 - ingest_crypto_file_op - shape: (10, 14)
┌─────────────┬─────────┬─────────┬─────────┬───┬─────────────┬────────┬─────────────┬─────────────┐
│ open_time   ┆ open    ┆ high    ┆ low     ┆ … ┆ taker_buy_q ┆ ignore ┆ _source_fil ┆ _ingestion_ │
│ ---         ┆ ---     ┆ ---     ┆ ---     ┆   ┆ uote_volume ┆ ---    ┆ e           ┆ time        │
│ i64         ┆ f64     ┆ f64     ┆ f64     ┆   ┆ ---         ┆ i64    ┆ ---         ┆ ---         │
│             ┆         ┆         ┆         ┆   ┆ f64         ┆        ┆ str         ┆ str         │
╞═════════════╪═════════╪═════════╪═════════╪═══╪═════════════╪════════╪═════════════╪═════════════╡
│ 17672256000 ┆ 2970.4  ┆ 2973.74 ┆ 2970.0  ┆ … ┆ 7.7936e6    ┆ 0      ┆ cryptocurre ┆ 2026-02-20T │
│ 00          ┆         ┆         ┆         ┆   ┆             ┆        ┆ ncy/ETHUSDT ┆ 22:42:49.97 │
│             ┆         ┆         ┆         ┆   ┆             ┆        ┆ -5m-2026…   ┆ 7362+00:…   │
│ 17672259000 ┆ 2973.66 ┆ 2979.34 ┆ 2973.66 ┆ … ┆ 2.3215e7    ┆ 0      ┆ cryptocurre ┆ 2026-02-20T │
│ 00          ┆         ┆         ┆         ┆   ┆             ┆        ┆ ncy/ETHUSDT ┆ 22:42:49.97 │
│             ┆         ┆         ┆         ┆   ┆             ┆        ┆ -5m-2026…   ┆ 7362+00:…   │
│ 17672262000 ┆ 2976.96 ┆ 2977.66 ┆ 2975.0  ┆ … ┆ 2.9081e6    ┆ 0      ┆ cryptocurre ┆ 2026-02-20T │
│ 00          ┆         ┆         ┆         ┆   ┆             ┆        ┆ ncy/ETHUSDT ┆ 22:42:49.97 │
│             ┆         ┆         ┆         ┆   ┆             ┆        ┆ -5m-2026…   ┆ 7362+00:…   │
│ 17672265000 ┆ 2975.0  ┆ 2977.0  ┆ 2975.0  ┆ … ┆ 2.3989e6    ┆ 0      ┆ cryptocurre ┆ 2026-02-20T │
│ 00          ┆         ┆         ┆         ┆   ┆             ┆        ┆ ncy/ETHUSDT ┆ 22:42:49.97 │
│             ┆         ┆         ┆         ┆   ┆             ┆        ┆ -5m-2026…   ┆ 7362+00:…   │
│ 17672268000 ┆ 2976.45 ┆ 2979.0  ┆ 2976.45 ┆ … ┆ 3.5070e6    ┆ 0      ┆ cryptocurre ┆ 2026-02-20T │
│ 00          ┆         ┆         ┆         ┆   ┆             ┆        ┆ ncy/ETHUSDT ┆ 22:42:49.97 │
│             ┆         ┆         ┆         ┆   ┆             ┆        ┆ -5m-2026…   ┆ 7362+00:…   │
│ 17672271000 ┆ 2977.15 ┆ 2979.42 ┆ 2977.14 ┆ … ┆ 5.0412e6    ┆ 0      ┆ cryptocurre ┆ 2026-02-20T │
│ 00          ┆         ┆         ┆         ┆   ┆             ┆        ┆ ncy/ETHUSDT ┆ 22:42:49.97 │
│             ┆         ┆         ┆         ┆   ┆             ┆        ┆ -5m-2026…   ┆ 7362+00:…   │
│ 17672274000 ┆ 2978.41 ┆ 2979.62 ┆ 2977.2  ┆ … ┆ 3.2478e6    ┆ 0      ┆ cryptocurre ┆ 2026-02-20T │
│ 00          ┆         ┆         ┆         ┆   ┆             ┆        ┆ ncy/ETHUSDT ┆ 22:42:49.97 │
│             ┆         ┆         ┆         ┆   ┆             ┆        ┆ -5m-2026…   ┆ 7362+00:…   │
│ 17672277000 ┆ 2979.14 ┆ 2979.52 ┆ 2977.06 ┆ … ┆ 4.8722e6    ┆ 0      ┆ cryptocurre ┆ 2026-02-20T │
│ 00          ┆         ┆         ┆         ┆   ┆             ┆        ┆ ncy/ETHUSDT ┆ 22:42:49.97 │
│             ┆         ┆         ┆         ┆   ┆             ┆        ┆ -5m-2026…   ┆ 7362+00:…   │
│ 17672280000 ┆ 2978.25 ┆ 2978.87 ┆ 2977.65 ┆ … ┆ 1.8123e6    ┆ 0      ┆ cryptocurre ┆ 2026-02-20T │
│ 00          ┆         ┆         ┆         ┆   ┆             ┆        ┆ ncy/ETHUSDT ┆ 22:42:49.97 │
│             ┆         ┆         ┆         ┆   ┆             ┆        ┆ -5m-2026…   ┆ 7362+00:…   │
│ 17672283000 ┆ 2978.49 ┆ 2980.88 ┆ 2977.86 ┆ … ┆ 5.4105e6    ┆ 0      ┆ cryptocurre ┆ 2026-02-20T │
│ 00          ┆         ┆         ┆         ┆   ┆             ┆        ┆ ncy/ETHUSDT ┆ 22:42:49.97 │
│             ┆         ┆         ┆         ┆   ┆             ┆        ┆ -5m-2026…   ┆ 7362+00:…   │
└─────────────┴─────────┴─────────┴─────────┴───┴─────────────┴────────┴─────────────┴─────────────┘
/opt/dagster/app/.venv/lib/python3.12/site-packages/pyiceberg/table/__init__.py:639: UserWarning: Delete operation did not match any records
  self.delete(
2026-02-20 22:42:52 +0000 - dagster - ERROR - crypto_ingestion_job - 990f7611-92ee-4811-b8c5-b0faecf3a320 - 58095 - ingest_crypto_file_op - STEP_FAILURE - Execution of step "ingest_crypto_file_op" failed.

dagster._core.errors.DagsterExecutionStepExecutionError: Error occurred while executing op "ingest_crypto_file_op"::

pyiceberg.exceptions.CommitFailedException: CommitFailedException: Requirement failed: branch main has changed: expected id 6937760096049470690 != 4945261052963370288

Stack Trace:
  File "/opt/dagster/app/.venv/lib/python3.12/site-packages/dagster/_core/execution/plan/utils.py", line 57, in op_execution_error_boundary
    yield
  File "/opt/dagster/app/.venv/lib/python3.12/site-packages/dagster/_utils/__init__.py", line 394, in iterate_with_context
    next_output = next(iterator)
                  ^^^^^^^^^^^^^^
  File "/opt/dagster/app/.venv/lib/python3.12/site-packages/dagster/_core/execution/plan/compute_generator.py", line 135, in _coerce_op_compute_fn_to_iterator
    result = invoke_compute_fn(
             ^^^^^^^^^^^^^^^^^^
  File "/opt/dagster/app/.venv/lib/python3.12/site-packages/dagster/_core/execution/plan/compute_generator.py", line 115, in invoke_compute_fn
    return fn(context, **args_to_pass) if context_arg_provided else fn(**args_to_pass)
           ^^^^^^^^^^^^^^^^^^^^^^^^^^^
  File "/opt/dagster/app/project/crypto_candles/assets/ops.py", line 48, in ingest_crypto_file_op
    table.overwrite(
  File "/opt/dagster/app/.venv/lib/python3.12/site-packages/pyiceberg/table/__init__.py", line 1468, in overwrite
    with self.transaction() as tx:
         ^^^^^^^^^^^^^^^^^^
  File "/opt/dagster/app/.venv/lib/python3.12/site-packages/pyiceberg/table/__init__.py", line 280, in __exit__
    self.commit_transaction()
  File "/opt/dagster/app/.venv/lib/python3.12/site-packages/pyiceberg/table/__init__.py", line 985, in commit_transaction
    self._table._do_commit(  # pylint: disable=W0212
  File "/opt/dagster/app/.venv/lib/python3.12/site-packages/pyiceberg/table/__init__.py", line 1539, in _do_commit
    response = self.catalog.commit_table(self, requirements, updates)
               ^^^^^^^^^^^^^^^^^^^^^^^^^^^^^^^^^^^^^^^^^^^^^^^^^^^^^^
  File "/opt/dagster/app/.venv/lib/python3.12/site-packages/tenacity/__init__.py", line 331, in wrapped_f
    return copy(f, *args, **kw)
           ^^^^^^^^^^^^^^^^^^^^
  File "/opt/dagster/app/.venv/lib/python3.12/site-packages/tenacity/__init__.py", line 470, in __call__
    do = self.iter(retry_state=retry_state)
         ^^^^^^^^^^^^^^^^^^^^^^^^^^^^^^^^^^
  File "/opt/dagster/app/.venv/lib/python3.12/site-packages/tenacity/__init__.py", line 371, in iter
    result = action(retry_state)
             ^^^^^^^^^^^^^^^^^^^
  File "/opt/dagster/app/.venv/lib/python3.12/site-packages/tenacity/__init__.py", line 393, in <lambda>
    self._add_action_func(lambda rs: rs.outcome.result())
                                     ^^^^^^^^^^^^^^^^^^^
  File "/root/.local/share/uv/python/cpython-3.12.12-linux-x86_64-gnu/lib/python3.12/concurrent/futures/_base.py", line 449, in result
    return self.__get_result()
           ^^^^^^^^^^^^^^^^^^^
  File "/root/.local/share/uv/python/cpython-3.12.12-linux-x86_64-gnu/lib/python3.12/concurrent/futures/_base.py", line 401, in __get_result
    raise self._exception
  File "/opt/dagster/app/.venv/lib/python3.12/site-packages/tenacity/__init__.py", line 473, in __call__
    result = fn(*args, **kwargs)
             ^^^^^^^^^^^^^^^^^^^
  File "/opt/dagster/app/.venv/lib/python3.12/site-packages/pyiceberg/catalog/rest/__init__.py", line 1022, in commit_table
    _handle_non_200_response(
  File "/opt/dagster/app/.venv/lib/python3.12/site-packages/pyiceberg/catalog/rest/response.py", line 111, in _handle_non_200_response
    raise exception(response) from exc

The above exception was caused by the following exception:
requests.exceptions.HTTPError: 409 Client Error: Conflict for url: http://rest:8181/v1/namespaces/bronze/tables/crypto_candles

Stack Trace:
  File "/opt/dagster/app/.venv/lib/python3.12/site-packages/pyiceberg/catalog/rest/__init__.py", line 1020, in commit_table
    response.raise_for_status()
  File "/opt/dagster/app/.venv/lib/python3.12/site-packages/requests/models.py", line 1026, in raise_for_status
    raise HTTPError(http_error_msg, response=self)

