2026-02-20 22:43:30 +0000 - dagster - DEBUG - crypto_ingestion_job - 9eb5fa4f-6342-47d7-b669-716a457d2d22 - 58769 - LOGS_CAPTURED - Started capturing logs in process (pid: 58769).
2026-02-20 22:43:30 +0000 - dagster - DEBUG - crypto_ingestion_job - 9eb5fa4f-6342-47d7-b669-716a457d2d22 - 58769 - ingest_crypto_file_op - STEP_START - Started execution of step "ingest_crypto_file_op".
2026-02-20 22:43:30 +0000 - dagster - INFO - crypto_ingestion_job - 9eb5fa4f-6342-47d7-b669-716a457d2d22 - ingest_crypto_file_op - Ingestando BTCUSDT (5m) do caminho: cryptocurrency/BTCUSDT-5m-2025-04.csv
2026-02-20 22:43:30 +0000 - dagster - INFO - crypto_ingestion_job - 9eb5fa4f-6342-47d7-b669-716a457d2d22 - ingest_crypto_file_op - Ingesting cryptocurrency/BTCUSDT-5m-2025-04.csv
2026-02-20 22:43:31 +0000 - dagster - INFO - crypto_ingestion_job - 9eb5fa4f-6342-47d7-b669-716a457d2d22 - ingest_crypto_file_op - shape: (10, 14)
┌─────────────┬─────────┬─────────┬─────────┬───┬─────────────┬────────┬─────────────┬─────────────┐
│ open_time   ┆ open    ┆ high    ┆ low     ┆ … ┆ taker_buy_q ┆ ignore ┆ _source_fil ┆ _ingestion_ │
│ ---         ┆ ---     ┆ ---     ┆ ---     ┆   ┆ uote_volume ┆ ---    ┆ e           ┆ time        │
│ i64         ┆ f64     ┆ f64     ┆ f64     ┆   ┆ ---         ┆ i64    ┆ ---         ┆ ---         │
│             ┆         ┆         ┆         ┆   ┆ f64         ┆        ┆ str         ┆ str         │
╞═════════════╪═════════╪═════════╪═════════╪═══╪═════════════╪════════╪═════════════╪═════════════╡
│ 17434656000 ┆ 82517.5 ┆ 82587.1 ┆ 82443.7 ┆ … ┆ 2.2054e7    ┆ 0      ┆ cryptocurre ┆ 2026-02-20T │
│ 00          ┆         ┆         ┆         ┆   ┆             ┆        ┆ ncy/BTCUSDT ┆ 22:43:30.79 │
│             ┆         ┆         ┆         ┆   ┆             ┆        ┆ -5m-2025…   ┆ 7847+00:…   │
│ 17434659000 ┆ 82587.2 ┆ 82676.2 ┆ 82573.3 ┆ … ┆ 2.4370e7    ┆ 0      ┆ cryptocurre ┆ 2026-02-20T │
│ 00          ┆         ┆         ┆         ┆   ┆             ┆        ┆ ncy/BTCUSDT ┆ 22:43:30.79 │
│             ┆         ┆         ┆         ┆   ┆             ┆        ┆ -5m-2025…   ┆ 7847+00:…   │
│ 17434662000 ┆ 82626.3 ┆ 82628.0 ┆ 82434.1 ┆ … ┆ 1.0975e7    ┆ 0      ┆ cryptocurre ┆ 2026-02-20T │
│ 00          ┆         ┆         ┆         ┆   ┆             ┆        ┆ ncy/BTCUSDT ┆ 22:43:30.79 │
│             ┆         ┆         ┆         ┆   ┆             ┆        ┆ -5m-2025…   ┆ 7847+00:…   │
│ 17434665000 ┆ 82437.9 ┆ 82555.5 ┆ 82383.3 ┆ … ┆ 1.4916e7    ┆ 0      ┆ cryptocurre ┆ 2026-02-20T │
│ 00          ┆         ┆         ┆         ┆   ┆             ┆        ┆ ncy/BTCUSDT ┆ 22:43:30.79 │
│             ┆         ┆         ┆         ┆   ┆             ┆        ┆ -5m-2025…   ┆ 7847+00:…   │
│ 17434668000 ┆ 82555.5 ┆ 82661.3 ┆ 82555.5 ┆ … ┆ 1.4625e7    ┆ 0      ┆ cryptocurre ┆ 2026-02-20T │
│ 00          ┆         ┆         ┆         ┆   ┆             ┆        ┆ ncy/BTCUSDT ┆ 22:43:30.79 │
│             ┆         ┆         ┆         ┆   ┆             ┆        ┆ -5m-2025…   ┆ 7847+00:…   │
│ 17434671000 ┆ 82605.9 ┆ 82715.0 ┆ 82582.0 ┆ … ┆ 8.9871e6    ┆ 0      ┆ cryptocurre ┆ 2026-02-20T │
│ 00          ┆         ┆         ┆         ┆   ┆             ┆        ┆ ncy/BTCUSDT ┆ 22:43:30.79 │
│             ┆         ┆         ┆         ┆   ┆             ┆        ┆ -5m-2025…   ┆ 7847+00:…   │
│ 17434674000 ┆ 82591.0 ┆ 82670.9 ┆ 82510.0 ┆ … ┆ 1.2783e7    ┆ 0      ┆ cryptocurre ┆ 2026-02-20T │
│ 00          ┆         ┆         ┆         ┆   ┆             ┆        ┆ ncy/BTCUSDT ┆ 22:43:30.79 │
│             ┆         ┆         ┆         ┆   ┆             ┆        ┆ -5m-2025…   ┆ 7847+00:…   │
│ 17434677000 ┆ 82565.4 ┆ 82696.6 ┆ 82500.3 ┆ … ┆ 7.3837e6    ┆ 0      ┆ cryptocurre ┆ 2026-02-20T │
│ 00          ┆         ┆         ┆         ┆   ┆             ┆        ┆ ncy/BTCUSDT ┆ 22:43:30.79 │
│             ┆         ┆         ┆         ┆   ┆             ┆        ┆ -5m-2025…   ┆ 7847+00:…   │
│ 17434680000 ┆ 82696.6 ┆ 82700.0 ┆ 82591.0 ┆ … ┆ 7.3390e6    ┆ 0      ┆ cryptocurre ┆ 2026-02-20T │
│ 00          ┆         ┆         ┆         ┆   ┆             ┆        ┆ ncy/BTCUSDT ┆ 22:43:30.79 │
│             ┆         ┆         ┆         ┆   ┆             ┆        ┆ -5m-2025…   ┆ 7847+00:…   │
│ 17434683000 ┆ 82692.8 ┆ 82742.0 ┆ 82626.6 ┆ … ┆ 8.6792e6    ┆ 0      ┆ cryptocurre ┆ 2026-02-20T │
│ 00          ┆         ┆         ┆         ┆   ┆             ┆        ┆ ncy/BTCUSDT ┆ 22:43:30.79 │
│             ┆         ┆         ┆         ┆   ┆             ┆        ┆ -5m-2025…   ┆ 7847+00:…   │
└─────────────┴─────────┴─────────┴─────────┴───┴─────────────┴────────┴─────────────┴─────────────┘
2026-02-20 22:43:40 +0000 - dagster - INFO - crypto_ingestion_job - 9eb5fa4f-6342-47d7-b669-716a457d2d22 - ingest_crypto_file_op - ✔ RAW ingestão concluída
2026-02-20 22:43:40 +0000 - dagster - DEBUG - crypto_ingestion_job - 9eb5fa4f-6342-47d7-b669-716a457d2d22 - 58769 - ingest_crypto_file_op - STEP_OUTPUT - Yielded output "result" of type "Any". (Type check passed).
2026-02-20 22:43:40 +0000 - dagster - DEBUG - crypto_ingestion_job - 9eb5fa4f-6342-47d7-b669-716a457d2d22 - ingest_crypto_file_op - Writing file at: /opt/dagster/dagster_home/storage/9eb5fa4f-6342-47d7-b669-716a457d2d22/ingest_crypto_file_op/result using PickledObjectFilesystemIOManager...
2026-02-20 22:43:40 +0000 - dagster - DEBUG - crypto_ingestion_job - 9eb5fa4f-6342-47d7-b669-716a457d2d22 - 58769 - ingest_crypto_file_op - HANDLED_OUTPUT - Handled output "result" using IO manager "io_manager"
2026-02-20 22:43:40 +0000 - dagster - DEBUG - crypto_ingestion_job - 9eb5fa4f-6342-47d7-b669-716a457d2d22 - 58769 - ingest_crypto_file_op - STEP_SUCCESS - Finished execution of step "ingest_crypto_file_op" in 10.13s.
