2026-02-20 22:33:16 +0000 - dagster - DEBUG - crypto_ingestion_job - 119c8508-d22e-4ddf-b72e-0067f2d719d6 - 51621 - LOGS_CAPTURED - Started capturing logs in process (pid: 51621).
2026-02-20 22:33:16 +0000 - dagster - DEBUG - crypto_ingestion_job - 119c8508-d22e-4ddf-b72e-0067f2d719d6 - 51621 - ingest_crypto_file_op - STEP_START - Started execution of step "ingest_crypto_file_op".
2026-02-20 22:33:16 +0000 - dagster - INFO - crypto_ingestion_job - 119c8508-d22e-4ddf-b72e-0067f2d719d6 - ingest_crypto_file_op - Ingestando BTCUSDT (5m) do caminho: cryptocurrency/BTCUSDT-5m-2025-12.csv
2026-02-20 22:33:17 +0000 - dagster - INFO - crypto_ingestion_job - 119c8508-d22e-4ddf-b72e-0067f2d719d6 - ingest_crypto_file_op - Ingesting cryptocurrency/BTCUSDT-5m-2025-12.csv
2026-02-20 22:33:21 +0000 - dagster - ERROR - crypto_ingestion_job - 119c8508-d22e-4ddf-b72e-0067f2d719d6 - 51621 - ingest_crypto_file_op - STEP_FAILURE - Execution of step "ingest_crypto_file_op" failed.

dagster._core.errors.DagsterExecutionStepExecutionError: Error occurred while executing op "ingest_crypto_file_op"::

pyiceberg.exceptions.CommitFailedException: CommitFailedException: Requirement failed: branch main has changed: expected id 1687406132189214010 != 5295485467673721732

Stack Trace:
  File "/opt/dagster/app/.venv/lib/python3.12/site-packages/dagster/_core/execution/plan/utils.py", line 57, in op_execution_error_boundary
    yield
  File "/opt/dagster/app/.venv/lib/python3.12/site-packages/dagster/_utils/__init__.py", line 394, in iterate_with_context
    next_output = next(iterator)
                  ^^^^^^^^^^^^^^
  File "/opt/dagster/app/.venv/lib/python3.12/site-packages/dagster/_core/execution/plan/compute_generator.py", line 135, in _coerce_op_compute_fn_to_iterator
    result = invoke_compute_fn(
             ^^^^^^^^^^^^^^^^^^
  File "/opt/dagster/app/.venv/lib/python3.12/site-packages/dagster/_core/execution/plan/compute_generator.py", line 115, in invoke_compute_fn
    return fn(context, **args_to_pass) if context_arg_provided else fn(**args_to_pass)
           ^^^^^^^^^^^^^^^^^^^^^^^^^^^
  File "/opt/dagster/app/project/crypto_candles/assets/ops.py", line 47, in ingest_crypto_file_op
    table.overwrite(
  File "/opt/dagster/app/.venv/lib/python3.12/site-packages/pyiceberg/table/__init__.py", line 1468, in overwrite
    with self.transaction() as tx:
         ^^^^^^^^^^^^^^^^^^
  File "/opt/dagster/app/.venv/lib/python3.12/site-packages/pyiceberg/table/__init__.py", line 280, in __exit__
    self.commit_transaction()
  File "/opt/dagster/app/.venv/lib/python3.12/site-packages/pyiceberg/table/__init__.py", line 985, in commit_transaction
    self._table._do_commit(  # pylint: disable=W0212
  File "/opt/dagster/app/.venv/lib/python3.12/site-packages/pyiceberg/table/__init__.py", line 1539, in _do_commit
    response = self.catalog.commit_table(self, requirements, updates)
               ^^^^^^^^^^^^^^^^^^^^^^^^^^^^^^^^^^^^^^^^^^^^^^^^^^^^^^
  File "/opt/dagster/app/.venv/lib/python3.12/site-packages/tenacity/__init__.py", line 331, in wrapped_f
    return copy(f, *args, **kw)
           ^^^^^^^^^^^^^^^^^^^^
  File "/opt/dagster/app/.venv/lib/python3.12/site-packages/tenacity/__init__.py", line 470, in __call__
    do = self.iter(retry_state=retry_state)
         ^^^^^^^^^^^^^^^^^^^^^^^^^^^^^^^^^^
  File "/opt/dagster/app/.venv/lib/python3.12/site-packages/tenacity/__init__.py", line 371, in iter
    result = action(retry_state)
             ^^^^^^^^^^^^^^^^^^^
  File "/opt/dagster/app/.venv/lib/python3.12/site-packages/tenacity/__init__.py", line 393, in <lambda>
    self._add_action_func(lambda rs: rs.outcome.result())
                                     ^^^^^^^^^^^^^^^^^^^
  File "/root/.local/share/uv/python/cpython-3.12.12-linux-x86_64-gnu/lib/python3.12/concurrent/futures/_base.py", line 449, in result
    return self.__get_result()
           ^^^^^^^^^^^^^^^^^^^
  File "/root/.local/share/uv/python/cpython-3.12.12-linux-x86_64-gnu/lib/python3.12/concurrent/futures/_base.py", line 401, in __get_result
    raise self._exception
  File "/opt/dagster/app/.venv/lib/python3.12/site-packages/tenacity/__init__.py", line 473, in __call__
    result = fn(*args, **kwargs)
             ^^^^^^^^^^^^^^^^^^^
  File "/opt/dagster/app/.venv/lib/python3.12/site-packages/pyiceberg/catalog/rest/__init__.py", line 1022, in commit_table
    _handle_non_200_response(
  File "/opt/dagster/app/.venv/lib/python3.12/site-packages/pyiceberg/catalog/rest/response.py", line 111, in _handle_non_200_response
    raise exception(response) from exc

The above exception was caused by the following exception:
requests.exceptions.HTTPError: 409 Client Error: Conflict for url: http://rest:8181/v1/namespaces/bronze/tables/crypto_candles

Stack Trace:
  File "/opt/dagster/app/.venv/lib/python3.12/site-packages/pyiceberg/catalog/rest/__init__.py", line 1020, in commit_table
    response.raise_for_status()
  File "/opt/dagster/app/.venv/lib/python3.12/site-packages/requests/models.py", line 1026, in raise_for_status
    raise HTTPError(http_error_msg, response=self)

