2026-02-20 22:45:41 +0000 - dagster - DEBUG - crypto_ingestion_job - d3c0e9d1-07f0-4b08-920b-ed5a04c20095 - 60588 - LOGS_CAPTURED - Started capturing logs in process (pid: 60588).
2026-02-20 22:45:41 +0000 - dagster - DEBUG - crypto_ingestion_job - d3c0e9d1-07f0-4b08-920b-ed5a04c20095 - 60588 - ingest_crypto_file_op - STEP_START - Started execution of step "ingest_crypto_file_op".
2026-02-20 22:45:41 +0000 - dagster - INFO - crypto_ingestion_job - d3c0e9d1-07f0-4b08-920b-ed5a04c20095 - ingest_crypto_file_op - Ingestando BTCUSDT (5m) do caminho: cryptocurrency/BTCUSDT-5m-2025-12.csv
2026-02-20 22:45:41 +0000 - dagster - INFO - crypto_ingestion_job - d3c0e9d1-07f0-4b08-920b-ed5a04c20095 - ingest_crypto_file_op - Ingesting cryptocurrency/BTCUSDT-5m-2025-12.csv
2026-02-20 22:45:41 +0000 - dagster - INFO - crypto_ingestion_job - d3c0e9d1-07f0-4b08-920b-ed5a04c20095 - ingest_crypto_file_op - shape: (10, 14)
в”Ңв”Җв”Җв”Җв”Җв”Җв”Җв”Җв”Җв”Җв”Җв”Җв”Җв”Җв”¬в”Җв”Җв”Җв”Җв”Җв”Җв”Җв”Җв”Җв”¬в”Җв”Җв”Җв”Җв”Җв”Җв”Җв”Җв”Җв”¬в”Җв”Җв”Җв”Җв”Җв”Җв”Җв”Җв”Җв”¬в”Җв”Җв”Җв”¬в”Җв”Җв”Җв”Җв”Җв”Җв”Җв”Җв”Җв”Җв”Җв”Җв”Җв”¬в”Җв”Җв”Җв”Җв”Җв”Җв”Җв”Җв”¬в”Җв”Җв”Җв”Җв”Җв”Җв”Җв”Җв”Җв”Җв”Җв”Җв”Җв”¬в”Җв”Җв”Җв”Җв”Җв”Җв”Җв”Җв”Җв”Җв”Җв”Җв”Җв”җ
в”Ӯ open_time   в”Ҷ open    в”Ҷ high    в”Ҷ low     в”Ҷ вҖҰ в”Ҷ taker_buy_q в”Ҷ ignore в”Ҷ _source_fil в”Ҷ _ingestion_ в”Ӯ
в”Ӯ ---         в”Ҷ ---     в”Ҷ ---     в”Ҷ ---     в”Ҷ   в”Ҷ uote_volume в”Ҷ ---    в”Ҷ e           в”Ҷ time        в”Ӯ
в”Ӯ i64         в”Ҷ f64     в”Ҷ f64     в”Ҷ f64     в”Ҷ   в”Ҷ ---         в”Ҷ i64    в”Ҷ ---         в”Ҷ ---         в”Ӯ
в”Ӯ             в”Ҷ         в”Ҷ         в”Ҷ         в”Ҷ   в”Ҷ f64         в”Ҷ        в”Ҷ str         в”Ҷ str         в”Ӯ
в•һв•җв•җв•җв•җв•җв•җв•җв•җв•җв•җв•җв•җв•җв•Әв•җв•җв•җв•җв•җв•җв•җв•җв•җв•Әв•җв•җв•җв•җв•җв•җв•җв•җв•җв•Әв•җв•җв•җв•җв•җв•җв•җв•җв•җв•Әв•җв•җв•җв•Әв•җв•җв•җв•җв•җв•җв•җв•җв•җв•җв•җв•җв•җв•Әв•җв•җв•җв•җв•җв•җв•җв•җв•Әв•җв•җв•җв•җв•җв•җв•җв•җв•җв•җв•җв•җв•җв•Әв•җв•җв•җв•җв•җв•җв•җв•җв•җв•җв•җв•җв•җв•Ў
в”Ӯ 17645472000 в”Ҷ 90320.5 в”Ҷ 90396.9 в”Ҷ 89228.0 в”Ҷ вҖҰ в”Ҷ 1.8349e8    в”Ҷ 0      в”Ҷ cryptocurre в”Ҷ 2026-02-20T в”Ӯ
в”Ӯ 00          в”Ҷ         в”Ҷ         в”Ҷ         в”Ҷ   в”Ҷ             в”Ҷ        в”Ҷ ncy/BTCUSDT в”Ҷ 22:45:41.90 в”Ӯ
в”Ӯ             в”Ҷ         в”Ҷ         в”Ҷ         в”Ҷ   в”Ҷ             в”Ҷ        в”Ҷ -5m-2025вҖҰ   в”Ҷ 9090+00:вҖҰ   в”Ӯ
в”Ӯ 17645475000 в”Ҷ 89771.3 в”Ҷ 89783.6 в”Ҷ 88900.0 в”Ҷ вҖҰ в”Ҷ 2.1555e8    в”Ҷ 0      в”Ҷ cryptocurre в”Ҷ 2026-02-20T в”Ӯ
в”Ӯ 00          в”Ҷ         в”Ҷ         в”Ҷ         в”Ҷ   в”Ҷ             в”Ҷ        в”Ҷ ncy/BTCUSDT в”Ҷ 22:45:41.90 в”Ӯ
в”Ӯ             в”Ҷ         в”Ҷ         в”Ҷ         в”Ҷ   в”Ҷ             в”Ҷ        в”Ҷ -5m-2025вҖҰ   в”Ҷ 9090+00:вҖҰ   в”Ӯ
в”Ӯ 17645478000 в”Ҷ 89100.9 в”Ҷ 89268.8 в”Ҷ 88807.2 в”Ҷ вҖҰ в”Ҷ 1.3552e8    в”Ҷ 0      в”Ҷ cryptocurre в”Ҷ 2026-02-20T в”Ӯ
в”Ӯ 00          в”Ҷ         в”Ҷ         в”Ҷ         в”Ҷ   в”Ҷ             в”Ҷ        в”Ҷ ncy/BTCUSDT в”Ҷ 22:45:41.90 в”Ӯ
в”Ӯ             в”Ҷ         в”Ҷ         в”Ҷ         в”Ҷ   в”Ҷ             в”Ҷ        в”Ҷ -5m-2025вҖҰ   в”Ҷ 9090+00:вҖҰ   в”Ӯ
в”Ӯ 17645481000 в”Ҷ 88887.8 в”Ҷ 89056.2 в”Ҷ 88591.0 в”Ҷ вҖҰ в”Ҷ 1.3043e8    в”Ҷ 0      в”Ҷ cryptocurre в”Ҷ 2026-02-20T в”Ӯ
в”Ӯ 00          в”Ҷ         в”Ҷ         в”Ҷ         в”Ҷ   в”Ҷ             в”Ҷ        в”Ҷ ncy/BTCUSDT в”Ҷ 22:45:41.90 в”Ӯ
в”Ӯ             в”Ҷ         в”Ҷ         в”Ҷ         в”Ҷ   в”Ҷ             в”Ҷ        в”Ҷ -5m-2025вҖҰ   в”Ҷ 9090+00:вҖҰ   в”Ӯ
в”Ӯ 17645484000 в”Ҷ 88673.5 в”Ҷ 88818.5 в”Ҷ 88374.0 в”Ҷ вҖҰ в”Ҷ 1.3509e8    в”Ҷ 0      в”Ҷ cryptocurre в”Ҷ 2026-02-20T в”Ӯ
в”Ӯ 00          в”Ҷ         в”Ҷ         в”Ҷ         в”Ҷ   в”Ҷ             в”Ҷ        в”Ҷ ncy/BTCUSDT в”Ҷ 22:45:41.90 в”Ӯ
в”Ӯ             в”Ҷ         в”Ҷ         в”Ҷ         в”Ҷ   в”Ҷ             в”Ҷ        в”Ҷ -5m-2025вҖҰ   в”Ҷ 9090+00:вҖҰ   в”Ӯ
в”Ӯ 17645487000 в”Ҷ 88503.8 в”Ҷ 88656.6 в”Ҷ 88312.5 в”Ҷ вҖҰ в”Ҷ 6.9595e7    в”Ҷ 0      в”Ҷ cryptocurre в”Ҷ 2026-02-20T в”Ӯ
в”Ӯ 00          в”Ҷ         в”Ҷ         в”Ҷ         в”Ҷ   в”Ҷ             в”Ҷ        в”Ҷ ncy/BTCUSDT в”Ҷ 22:45:41.90 в”Ӯ
в”Ӯ             в”Ҷ         в”Ҷ         в”Ҷ         в”Ҷ   в”Ҷ             в”Ҷ        в”Ҷ -5m-2025вҖҰ   в”Ҷ 9090+00:вҖҰ   в”Ӯ
в”Ӯ 17645490000 в”Ҷ 88338.3 в”Ҷ 88408.8 в”Ҷ 87750.0 в”Ҷ вҖҰ в”Ҷ 1.7528e8    в”Ҷ 0      в”Ҷ cryptocurre в”Ҷ 2026-02-20T в”Ӯ
в”Ӯ 00          в”Ҷ         в”Ҷ         в”Ҷ         в”Ҷ   в”Ҷ             в”Ҷ        в”Ҷ ncy/BTCUSDT в”Ҷ 22:45:41.90 в”Ӯ
в”Ӯ             в”Ҷ         в”Ҷ         в”Ҷ         в”Ҷ   в”Ҷ             в”Ҷ        в”Ҷ -5m-2025вҖҰ   в”Ҷ 9090+00:вҖҰ   в”Ӯ
в”Ӯ 17645493000 в”Ҷ 87923.2 в”Ҷ 88062.0 в”Ҷ 87575.8 в”Ҷ вҖҰ в”Ҷ 1.4620e8    в”Ҷ 0      в”Ҷ cryptocurre в”Ҷ 2026-02-20T в”Ӯ
в”Ӯ 00          в”Ҷ         в”Ҷ         в”Ҷ         в”Ҷ   в”Ҷ             в”Ҷ        в”Ҷ ncy/BTCUSDT в”Ҷ 22:45:41.90 в”Ӯ
в”Ӯ             в”Ҷ         в”Ҷ         в”Ҷ         в”Ҷ   в”Ҷ             в”Ҷ        в”Ҷ -5m-2025вҖҰ   в”Ҷ 9090+00:вҖҰ   в”Ӯ
в”Ӯ 17645496000 в”Ҷ 87829.7 в”Ҷ 88164.8 в”Ҷ 87655.0 в”Ҷ вҖҰ в”Ҷ 1.2175e8    в”Ҷ 0      в”Ҷ cryptocurre в”Ҷ 2026-02-20T в”Ӯ
в”Ӯ 00          в”Ҷ         в”Ҷ         в”Ҷ         в”Ҷ   в”Ҷ             в”Ҷ        в”Ҷ ncy/BTCUSDT в”Ҷ 22:45:41.90 в”Ӯ
в”Ӯ             в”Ҷ         в”Ҷ         в”Ҷ         в”Ҷ   в”Ҷ             в”Ҷ        в”Ҷ -5m-2025вҖҰ   в”Ҷ 9090+00:вҖҰ   в”Ӯ
в”Ӯ 17645499000 в”Ҷ 87712.4 в”Ҷ 87747.9 в”Ҷ 87388.0 в”Ҷ вҖҰ в”Ҷ 1.0658e8    в”Ҷ 0      в”Ҷ cryptocurre в”Ҷ 2026-02-20T в”Ӯ
в”Ӯ 00          в”Ҷ         в”Ҷ         в”Ҷ         в”Ҷ   в”Ҷ             в”Ҷ        в”Ҷ ncy/BTCUSDT в”Ҷ 22:45:41.90 в”Ӯ
в”Ӯ             в”Ҷ         в”Ҷ         в”Ҷ         в”Ҷ   в”Ҷ             в”Ҷ        в”Ҷ -5m-2025вҖҰ   в”Ҷ 9090+00:вҖҰ   в”Ӯ
в””в”Җв”Җв”Җв”Җв”Җв”Җв”Җв”Җв”Җв”Җв”Җв”Җв”Җв”ҙв”Җв”Җв”Җв”Җв”Җв”Җв”Җв”Җв”Җв”ҙв”Җв”Җв”Җв”Җв”Җв”Җв”Җв”Җв”Җв”ҙв”Җв”Җв”Җв”Җв”Җв”Җв”Җв”Җв”Җв”ҙв”Җв”Җв”Җв”ҙв”Җв”Җв”Җв”Җв”Җв”Җв”Җв”Җв”Җв”Җв”Җв”Җв”Җв”ҙв”Җв”Җв”Җв”Җв”Җв”Җв”Җв”Җв”ҙв”Җв”Җв”Җв”Җв”Җв”Җв”Җв”Җв”Җв”Җв”Җв”Җв”Җв”ҙв”Җв”Җв”Җв”Җв”Җв”Җв”Җв”Җв”Җв”Җв”Җв”Җв”Җв”ҳ
2026-02-20 22:45:45 +0000 - dagster - INFO - crypto_ingestion_job - d3c0e9d1-07f0-4b08-920b-ed5a04c20095 - ingest_crypto_file_op - вң” RAW ingestГЈo concluГӯda
2026-02-20 22:45:45 +0000 - dagster - DEBUG - crypto_ingestion_job - d3c0e9d1-07f0-4b08-920b-ed5a04c20095 - 60588 - ingest_crypto_file_op - STEP_OUTPUT - Yielded output "result" of type "Any". (Type check passed).
2026-02-20 22:45:45 +0000 - dagster - DEBUG - crypto_ingestion_job - d3c0e9d1-07f0-4b08-920b-ed5a04c20095 - ingest_crypto_file_op - Writing file at: /opt/dagster/dagster_home/storage/d3c0e9d1-07f0-4b08-920b-ed5a04c20095/ingest_crypto_file_op/result using PickledObjectFilesystemIOManager...
2026-02-20 22:45:45 +0000 - dagster - DEBUG - crypto_ingestion_job - d3c0e9d1-07f0-4b08-920b-ed5a04c20095 - 60588 - ingest_crypto_file_op - HANDLED_OUTPUT - Handled output "result" using IO manager "io_manager"
2026-02-20 22:45:45 +0000 - dagster - DEBUG - crypto_ingestion_job - d3c0e9d1-07f0-4b08-920b-ed5a04c20095 - 60588 - ingest_crypto_file_op - STEP_SUCCESS - Finished execution of step "ingest_crypto_file_op" in 4.19s.
