2026-02-20 22:44:02 +0000 - dagster - DEBUG - crypto_ingestion_job - a75b72a4-eb2d-404e-a00b-a675ef010db4 - 59165 - LOGS_CAPTURED - Started capturing logs in process (pid: 59165).
2026-02-20 22:44:02 +0000 - dagster - DEBUG - crypto_ingestion_job - a75b72a4-eb2d-404e-a00b-a675ef010db4 - 59165 - ingest_crypto_file_op - STEP_START - Started execution of step "ingest_crypto_file_op".
2026-02-20 22:44:02 +0000 - dagster - INFO - crypto_ingestion_job - a75b72a4-eb2d-404e-a00b-a675ef010db4 - ingest_crypto_file_op - Ingestando BTCUSDT (5m) do caminho: cryptocurrency/BTCUSDT-5m-2025-07.csv
2026-02-20 22:44:02 +0000 - dagster - INFO - crypto_ingestion_job - a75b72a4-eb2d-404e-a00b-a675ef010db4 - ingest_crypto_file_op - Ingesting cryptocurrency/BTCUSDT-5m-2025-07.csv
2026-02-20 22:44:02 +0000 - dagster - INFO - crypto_ingestion_job - a75b72a4-eb2d-404e-a00b-a675ef010db4 - ingest_crypto_file_op - shape: (10, 14)
┌─────────────┬──────────┬──────────┬──────────┬───┬────────────┬────────┬────────────┬────────────┐
│ open_time   ┆ open     ┆ high     ┆ low      ┆ … ┆ taker_buy_ ┆ ignore ┆ _source_fi ┆ _ingestion │
│ ---         ┆ ---      ┆ ---      ┆ ---      ┆   ┆ quote_volu ┆ ---    ┆ le         ┆ _time      │
│ i64         ┆ f64      ┆ f64      ┆ f64      ┆   ┆ me         ┆ i64    ┆ ---        ┆ ---        │
│             ┆          ┆          ┆          ┆   ┆ ---        ┆        ┆ str        ┆ str        │
│             ┆          ┆          ┆          ┆   ┆ f64        ┆        ┆            ┆            │
╞═════════════╪══════════╪══════════╪══════════╪═══╪════════════╪════════╪════════════╪════════════╡
│ 17513280000 ┆ 107087.3 ┆ 107114.1 ┆ 107061.7 ┆ … ┆ 1.3310e7   ┆ 0      ┆ cryptocurr ┆ 2026-02-20 │
│ 00          ┆          ┆          ┆          ┆   ┆            ┆        ┆ ency/BTCUS ┆ T22:44:02. │
│             ┆          ┆          ┆          ┆   ┆            ┆        ┆ DT-5m-2025 ┆ 890090+00: │
│             ┆          ┆          ┆          ┆   ┆            ┆        ┆ …          ┆ …          │
│ 17513283000 ┆ 107084.8 ┆ 107197.3 ┆ 107036.7 ┆ … ┆ 1.2797e7   ┆ 0      ┆ cryptocurr ┆ 2026-02-20 │
│ 00          ┆          ┆          ┆          ┆   ┆            ┆        ┆ ency/BTCUS ┆ T22:44:02. │
│             ┆          ┆          ┆          ┆   ┆            ┆        ┆ DT-5m-2025 ┆ 890090+00: │
│             ┆          ┆          ┆          ┆   ┆            ┆        ┆ …          ┆ …          │
│ 17513286000 ┆ 107197.3 ┆ 107314.3 ┆ 107160.0 ┆ … ┆ 2.4738e7   ┆ 0      ┆ cryptocurr ┆ 2026-02-20 │
│ 00          ┆          ┆          ┆          ┆   ┆            ┆        ┆ ency/BTCUS ┆ T22:44:02. │
│             ┆          ┆          ┆          ┆   ┆            ┆        ┆ DT-5m-2025 ┆ 890090+00: │
│             ┆          ┆          ┆          ┆   ┆            ┆        ┆ …          ┆ …          │
│ 17513289000 ┆ 107277.5 ┆ 107390.6 ┆ 107274.5 ┆ … ┆ 4.0427e7   ┆ 0      ┆ cryptocurr ┆ 2026-02-20 │
│ 00          ┆          ┆          ┆          ┆   ┆            ┆        ┆ ency/BTCUS ┆ T22:44:02. │
│             ┆          ┆          ┆          ┆   ┆            ┆        ┆ DT-5m-2025 ┆ 890090+00: │
│             ┆          ┆          ┆          ┆   ┆            ┆        ┆ …          ┆ …          │
│ 17513292000 ┆ 107374.0 ┆ 107408.2 ┆ 107207.8 ┆ … ┆ 9.3423e6   ┆ 0      ┆ cryptocurr ┆ 2026-02-20 │
│ 00          ┆          ┆          ┆          ┆   ┆            ┆        ┆ ency/BTCUS ┆ T22:44:02. │
│             ┆          ┆          ┆          ┆   ┆            ┆        ┆ DT-5m-2025 ┆ 890090+00: │
│             ┆          ┆          ┆          ┆   ┆            ┆        ┆ …          ┆ …          │
│ 17513295000 ┆ 107207.8 ┆ 107207.9 ┆ 107095.1 ┆ … ┆ 2.2161e7   ┆ 0      ┆ cryptocurr ┆ 2026-02-20 │
│ 00          ┆          ┆          ┆          ┆   ┆            ┆        ┆ ency/BTCUS ┆ T22:44:02. │
│             ┆          ┆          ┆          ┆   ┆            ┆        ┆ DT-5m-2025 ┆ 890090+00: │
│             ┆          ┆          ┆          ┆   ┆            ┆        ┆ …          ┆ …          │
│ 17513298000 ┆ 107111.4 ┆ 107114.5 ┆ 106972.9 ┆ … ┆ 2.0539e7   ┆ 0      ┆ cryptocurr ┆ 2026-02-20 │
│ 00          ┆          ┆          ┆          ┆   ┆            ┆        ┆ ency/BTCUS ┆ T22:44:02. │
│             ┆          ┆          ┆          ┆   ┆            ┆        ┆ DT-5m-2025 ┆ 890090+00: │
│             ┆          ┆          ┆          ┆   ┆            ┆        ┆ …          ┆ …          │
│ 17513301000 ┆ 107098.6 ┆ 107218.4 ┆ 107098.6 ┆ … ┆ 1.1439e7   ┆ 0      ┆ cryptocurr ┆ 2026-02-20 │
│ 00          ┆          ┆          ┆          ┆   ┆            ┆        ┆ ency/BTCUS ┆ T22:44:02. │
│             ┆          ┆          ┆          ┆   ┆            ┆        ┆ DT-5m-2025 ┆ 890090+00: │
│             ┆          ┆          ┆          ┆   ┆            ┆        ┆ …          ┆ …          │
│ 17513304000 ┆ 107153.9 ┆ 107250.0 ┆ 107132.9 ┆ … ┆ 7.6632e6   ┆ 0      ┆ cryptocurr ┆ 2026-02-20 │
│ 00          ┆          ┆          ┆          ┆   ┆            ┆        ┆ ency/BTCUS ┆ T22:44:02. │
│             ┆          ┆          ┆          ┆   ┆            ┆        ┆ DT-5m-2025 ┆ 890090+00: │
│             ┆          ┆          ┆          ┆   ┆            ┆        ┆ …          ┆ …          │
│ 17513307000 ┆ 107240.2 ┆ 107302.1 ┆ 107233.0 ┆ … ┆ 7.4763e6   ┆ 0      ┆ cryptocurr ┆ 2026-02-20 │
│ 00          ┆          ┆          ┆          ┆   ┆            ┆        ┆ ency/BTCUS ┆ T22:44:02. │
│             ┆          ┆          ┆          ┆   ┆            ┆        ┆ DT-5m-2025 ┆ 890090+00: │
│             ┆          ┆          ┆          ┆   ┆            ┆        ┆ …          ┆ …          │
└─────────────┴──────────┴──────────┴──────────┴───┴────────────┴────────┴────────────┴────────────┘
2026-02-20 22:44:08 +0000 - dagster - INFO - crypto_ingestion_job - a75b72a4-eb2d-404e-a00b-a675ef010db4 - ingest_crypto_file_op - ✔ RAW ingestão concluída
2026-02-20 22:44:08 +0000 - dagster - DEBUG - crypto_ingestion_job - a75b72a4-eb2d-404e-a00b-a675ef010db4 - 59165 - ingest_crypto_file_op - STEP_OUTPUT - Yielded output "result" of type "Any". (Type check passed).
2026-02-20 22:44:08 +0000 - dagster - DEBUG - crypto_ingestion_job - a75b72a4-eb2d-404e-a00b-a675ef010db4 - ingest_crypto_file_op - Writing file at: /opt/dagster/dagster_home/storage/a75b72a4-eb2d-404e-a00b-a675ef010db4/ingest_crypto_file_op/result using PickledObjectFilesystemIOManager...
2026-02-20 22:44:08 +0000 - dagster - DEBUG - crypto_ingestion_job - a75b72a4-eb2d-404e-a00b-a675ef010db4 - 59165 - ingest_crypto_file_op - HANDLED_OUTPUT - Handled output "result" using IO manager "io_manager"
2026-02-20 22:44:08 +0000 - dagster - DEBUG - crypto_ingestion_job - a75b72a4-eb2d-404e-a00b-a675ef010db4 - 59165 - ingest_crypto_file_op - STEP_SUCCESS - Finished execution of step "ingest_crypto_file_op" in 5.7s.
