2026-02-20 19:21:39 +0000 - dagster - DEBUG - __ASSET_JOB - 8d0feadd-2949-4179-904e-e19b9cbdd648 - 31451 - LOGS_CAPTURED - Started capturing logs in process (pid: 31451).
2026-02-20 19:21:39 +0000 - dagster - DEBUG - __ASSET_JOB - 8d0feadd-2949-4179-904e-e19b9cbdd648 - 31451 - bronze_crypto_candles - STEP_START - Started execution of step "bronze_crypto_candles".
2026-02-20 19:21:40 +0000 - dagster - DEBUG - __ASSET_JOB - 8d0feadd-2949-4179-904e-e19b9cbdd648 - bronze_crypto_candles - Loading file from: /opt/dagster/dagster_home/storage/raw_crypto_files using PickledObjectFilesystemIOManager...
2026-02-20 19:21:40 +0000 - dagster - DEBUG - __ASSET_JOB - 8d0feadd-2949-4179-904e-e19b9cbdd648 - 31451 - bronze_crypto_candles - LOADED_INPUT - Loaded input "raw_crypto_files" using input manager "io_manager"
2026-02-20 19:21:40 +0000 - dagster - DEBUG - __ASSET_JOB - 8d0feadd-2949-4179-904e-e19b9cbdd648 - 31451 - bronze_crypto_candles - STEP_INPUT - Got input "raw_crypto_files" of type "Any". (Type check passed).
2026-02-20 19:21:40 +0000 - dagster - ERROR - __ASSET_JOB - 8d0feadd-2949-4179-904e-e19b9cbdd648 - 31451 - bronze_crypto_candles - STEP_FAILURE - Execution of step "bronze_crypto_candles" failed.

dagster._core.errors.DagsterUnknownResourceError: Unknown resource `s3`. Specify `s3` as a required resource on the compute / config function that accessed it.

Stack Trace:
  File "/opt/dagster/app/.venv/lib/python3.12/site-packages/dagster/_core/execution/plan/execute_plan.py", line 247, in dagster_event_sequence_for_step
    yield from check.generator(step_events)
  File "/opt/dagster/app/.venv/lib/python3.12/site-packages/dagster/_core/execution/plan/execute_step.py", line 505, in core_dagster_event_sequence_for_step
    for user_event in _step_output_error_checked_user_event_sequence(
                      ^^^^^^^^^^^^^^^^^^^^^^^^^^^^^^^^^^^^^^^^^^^^^^^
  File "/opt/dagster/app/.venv/lib/python3.12/site-packages/dagster/_core/execution/plan/execute_step.py", line 184, in _step_output_error_checked_user_event_sequence
    for user_event in user_event_sequence:
                      ^^^^^^^^^^^^^^^^^^^
  File "/opt/dagster/app/.venv/lib/python3.12/site-packages/dagster/_core/execution/plan/execute_step.py", line 88, in _process_asset_results_to_events
    for user_event in user_event_sequence:
                      ^^^^^^^^^^^^^^^^^^^
  File "/opt/dagster/app/.venv/lib/python3.12/site-packages/dagster/_core/execution/plan/compute.py", line 188, in execute_core_compute
    for step_output in _yield_compute_results(step_context, inputs, compute_fn, compute_context):
                       ^^^^^^^^^^^^^^^^^^^^^^^^^^^^^^^^^^^^^^^^^^^^^^^^^^^^^^^^^^^^^^^^^^^^^^^^^
  File "/opt/dagster/app/.venv/lib/python3.12/site-packages/dagster/_core/execution/plan/compute.py", line 157, in _yield_compute_results
    for event in iterate_with_context(
                 ^^^^^^^^^^^^^^^^^^^^^
  File "/opt/dagster/app/.venv/lib/python3.12/site-packages/dagster/_utils/__init__.py", line 394, in iterate_with_context
    next_output = next(iterator)
                  ^^^^^^^^^^^^^^
  File "/opt/dagster/app/.venv/lib/python3.12/site-packages/dagster/_core/execution/plan/compute_generator.py", line 135, in _coerce_op_compute_fn_to_iterator
    result = invoke_compute_fn(
             ^^^^^^^^^^^^^^^^^^
  File "/opt/dagster/app/.venv/lib/python3.12/site-packages/dagster/_core/execution/plan/compute_generator.py", line 115, in invoke_compute_fn
    return fn(context, **args_to_pass) if context_arg_provided else fn(**args_to_pass)
           ^^^^^^^^^^^^^^^^^^^^^^^^^^^
  File "/opt/dagster/app/project/crypto_candles/assets/bronze.py", line 13, in bronze_crypto_candles
    s3 = context.resources.s3
         ^^^^^^^^^^^^^^^^^^^^
  File "/opt/dagster/app/.venv/lib/python3.12/site-packages/dagster/_core/definitions/scoped_resources_builder.py", line 30, in __getattr__
    raise DagsterUnknownResourceError(name)

