2026-02-20 22:57:53 +0000 - dagster - DEBUG - crypto_ingestion_job - e21c72f4-bfb8-4ce4-8469-8abe62e5309c - 69447 - LOGS_CAPTURED - Started capturing logs in process (pid: 69447).
2026-02-20 22:57:53 +0000 - dagster - DEBUG - crypto_ingestion_job - e21c72f4-bfb8-4ce4-8469-8abe62e5309c - 69447 - ingest_crypto_file_op - STEP_START - Started execution of step "ingest_crypto_file_op".
2026-02-20 22:57:53 +0000 - dagster - INFO - crypto_ingestion_job - e21c72f4-bfb8-4ce4-8469-8abe62e5309c - ingest_crypto_file_op - Ingestando BTCUSDT (5m) do caminho: cryptocurrency/BTCUSDT-5m-2024-07.csv
2026-02-20 22:57:53 +0000 - dagster - INFO - crypto_ingestion_job - e21c72f4-bfb8-4ce4-8469-8abe62e5309c - ingest_crypto_file_op - Ingesting cryptocurrency/BTCUSDT-5m-2024-07.csv
2026-02-20 22:57:53 +0000 - dagster - INFO - crypto_ingestion_job - e21c72f4-bfb8-4ce4-8469-8abe62e5309c - ingest_crypto_file_op - shape: (10, 14)
┌────────────┬────────────┬────────────┬────────────┬───┬────────────┬─────┬───────────┬───────────┐
│ 1719792000 ┆ 62772.0100 ┆ 62809.0100 ┆ 62722.0700 ┆ … ┆ 2616675.68 ┆ 0   ┆ _source_f ┆ _ingestio │
│ 000        ┆ 0000       ┆ 0000       ┆ 0000       ┆   ┆ 485340     ┆ --- ┆ ile       ┆ n_time    │
│ ---        ┆ ---        ┆ ---        ┆ ---        ┆   ┆ ---        ┆ i64 ┆ ---       ┆ ---       │
│ i64        ┆ f64        ┆ f64        ┆ f64        ┆   ┆ f64        ┆     ┆ str       ┆ str       │
╞════════════╪════════════╪════════════╪════════════╪═══╪════════════╪═════╪═══════════╪═══════════╡
│ 1719792300 ┆ 62722.08   ┆ 62798.95   ┆ 62648.48   ┆ … ┆ 7.3041e6   ┆ 0   ┆ cryptocur ┆ 2026-02-2 │
│ 000        ┆            ┆            ┆            ┆   ┆            ┆     ┆ rency/BTC ┆ 0T22:57:5 │
│            ┆            ┆            ┆            ┆   ┆            ┆     ┆ USDT-5m-2 ┆ 3.146581+ │
│            ┆            ┆            ┆            ┆   ┆            ┆     ┆ 024…      ┆ 00:…      │
│ 1719792600 ┆ 62648.48   ┆ 62671.91   ┆ 62573.32   ┆ … ┆ 4.5271e6   ┆ 0   ┆ cryptocur ┆ 2026-02-2 │
│ 000        ┆            ┆            ┆            ┆   ┆            ┆     ┆ rency/BTC ┆ 0T22:57:5 │
│            ┆            ┆            ┆            ┆   ┆            ┆     ┆ USDT-5m-2 ┆ 3.146581+ │
│            ┆            ┆            ┆            ┆   ┆            ┆     ┆ 024…      ┆ 00:…      │
│ 1719792900 ┆ 62624.0    ┆ 62692.45   ┆ 62621.4    ┆ … ┆ 2.3601e6   ┆ 0   ┆ cryptocur ┆ 2026-02-2 │
│ 000        ┆            ┆            ┆            ┆   ┆            ┆     ┆ rency/BTC ┆ 0T22:57:5 │
│            ┆            ┆            ┆            ┆   ┆            ┆     ┆ USDT-5m-2 ┆ 3.146581+ │
│            ┆            ┆            ┆            ┆   ┆            ┆     ┆ 024…      ┆ 00:…      │
│ 1719793200 ┆ 62682.02   ┆ 62743.2    ┆ 62674.0    ┆ … ┆ 2.2630e6   ┆ 0   ┆ cryptocur ┆ 2026-02-2 │
│ 000        ┆            ┆            ┆            ┆   ┆            ┆     ┆ rency/BTC ┆ 0T22:57:5 │
│            ┆            ┆            ┆            ┆   ┆            ┆     ┆ USDT-5m-2 ┆ 3.146581+ │
│            ┆            ┆            ┆            ┆   ┆            ┆     ┆ 024…      ┆ 00:…      │
│ 1719793500 ┆ 62674.0    ┆ 62744.99   ┆ 62674.0    ┆ … ┆ 2.5293e6   ┆ 0   ┆ cryptocur ┆ 2026-02-2 │
│ 000        ┆            ┆            ┆            ┆   ┆            ┆     ┆ rency/BTC ┆ 0T22:57:5 │
│            ┆            ┆            ┆            ┆   ┆            ┆     ┆ USDT-5m-2 ┆ 3.146581+ │
│            ┆            ┆            ┆            ┆   ┆            ┆     ┆ 024…      ┆ 00:…      │
│ 1719793800 ┆ 62720.02   ┆ 62746.0    ┆ 62684.0    ┆ … ┆ 2.1755e6   ┆ 0   ┆ cryptocur ┆ 2026-02-2 │
│ 000        ┆            ┆            ┆            ┆   ┆            ┆     ┆ rency/BTC ┆ 0T22:57:5 │
│            ┆            ┆            ┆            ┆   ┆            ┆     ┆ USDT-5m-2 ┆ 3.146581+ │
│            ┆            ┆            ┆            ┆   ┆            ┆     ┆ 024…      ┆ 00:…      │
│ 1719794100 ┆ 62745.99   ┆ 62772.55   ┆ 62710.0    ┆ … ┆ 1.9741e6   ┆ 0   ┆ cryptocur ┆ 2026-02-2 │
│ 000        ┆            ┆            ┆            ┆   ┆            ┆     ┆ rency/BTC ┆ 0T22:57:5 │
│            ┆            ┆            ┆            ┆   ┆            ┆     ┆ USDT-5m-2 ┆ 3.146581+ │
│            ┆            ┆            ┆            ┆   ┆            ┆     ┆ 024…      ┆ 00:…      │
│ 1719794400 ┆ 62763.99   ┆ 62839.49   ┆ 62763.99   ┆ … ┆ 2.2412e6   ┆ 0   ┆ cryptocur ┆ 2026-02-2 │
│ 000        ┆            ┆            ┆            ┆   ┆            ┆     ┆ rency/BTC ┆ 0T22:57:5 │
│            ┆            ┆            ┆            ┆   ┆            ┆     ┆ USDT-5m-2 ┆ 3.146581+ │
│            ┆            ┆            ┆            ┆   ┆            ┆     ┆ 024…      ┆ 00:…      │
│ 1719794700 ┆ 62804.6    ┆ 62889.04   ┆ 62797.04   ┆ … ┆ 2.2553e6   ┆ 0   ┆ cryptocur ┆ 2026-02-2 │
│ 000        ┆            ┆            ┆            ┆   ┆            ┆     ┆ rency/BTC ┆ 0T22:57:5 │
│            ┆            ┆            ┆            ┆   ┆            ┆     ┆ USDT-5m-2 ┆ 3.146581+ │
│            ┆            ┆            ┆            ┆   ┆            ┆     ┆ 024…      ┆ 00:…      │
│ 1719795000 ┆ 62854.42   ┆ 62868.88   ┆ 62800.0    ┆ … ┆ 2.2859e6   ┆ 0   ┆ cryptocur ┆ 2026-02-2 │
│ 000        ┆            ┆            ┆            ┆   ┆            ┆     ┆ rency/BTC ┆ 0T22:57:5 │
│            ┆            ┆            ┆            ┆   ┆            ┆     ┆ USDT-5m-2 ┆ 3.146581+ │
│            ┆            ┆            ┆            ┆   ┆            ┆     ┆ 024…      ┆ 00:…      │
└────────────┴────────────┴────────────┴────────────┴───┴────────────┴─────┴───────────┴───────────┘
2026-02-20 22:57:53 +0000 - dagster - ERROR - crypto_ingestion_job - e21c72f4-bfb8-4ce4-8469-8abe62e5309c - 69447 - ingest_crypto_file_op - STEP_FAILURE - Execution of step "ingest_crypto_file_op" failed.

dagster._core.errors.DagsterExecutionStepExecutionError: Error occurred while executing op "ingest_crypto_file_op"::

ValueError: PyArrow table contains more columns: 0, 1719792000000, 1719792299999, 2616675.68485340, 41.68323000, 5184, 5843286.40598400, 62722.07000000, 62722.08000000, 62772.01000000, 62809.01000000, 93.09440000. Update the schema first (hint, use union_by_name).

Stack Trace:
  File "/opt/dagster/app/.venv/lib/python3.12/site-packages/dagster/_core/execution/plan/utils.py", line 57, in op_execution_error_boundary
    yield
  File "/opt/dagster/app/.venv/lib/python3.12/site-packages/dagster/_utils/__init__.py", line 394, in iterate_with_context
    next_output = next(iterator)
                  ^^^^^^^^^^^^^^
  File "/opt/dagster/app/.venv/lib/python3.12/site-packages/dagster/_core/execution/plan/compute_generator.py", line 135, in _coerce_op_compute_fn_to_iterator
    result = invoke_compute_fn(
             ^^^^^^^^^^^^^^^^^^
  File "/opt/dagster/app/.venv/lib/python3.12/site-packages/dagster/_core/execution/plan/compute_generator.py", line 115, in invoke_compute_fn
    return fn(context, **args_to_pass) if context_arg_provided else fn(**args_to_pass)
           ^^^^^^^^^^^^^^^^^^^^^^^^^^^
  File "/opt/dagster/app/project/crypto_candles/assets/ops.py", line 48, in ingest_crypto_file_op
    table.overwrite(
  File "/opt/dagster/app/.venv/lib/python3.12/site-packages/pyiceberg/table/__init__.py", line 1469, in overwrite
    tx.overwrite(
  File "/opt/dagster/app/.venv/lib/python3.12/site-packages/pyiceberg/table/__init__.py", line 630, in overwrite
    _check_pyarrow_schema_compatible(
  File "/opt/dagster/app/.venv/lib/python3.12/site-packages/pyiceberg/io/pyarrow.py", line 2745, in _check_pyarrow_schema_compatible
    raise ValueError(

The above exception was caused by the following exception:
ValueError: Could not find field with name: 1719792000000

Stack Trace:
  File "/opt/dagster/app/.venv/lib/python3.12/site-packages/pyiceberg/io/pyarrow.py", line 2734, in _check_pyarrow_schema_compatible
    provided_schema = pyarrow_to_schema(
                      ^^^^^^^^^^^^^^^^^^
  File "/opt/dagster/app/.venv/lib/python3.12/site-packages/pyiceberg/io/pyarrow.py", line 1139, in pyarrow_to_schema
    return apply_name_mapping(schema_without_ids, name_mapping)
           ^^^^^^^^^^^^^^^^^^^^^^^^^^^^^^^^^^^^^^^^^^^^^^^^^^^^
  File "/opt/dagster/app/.venv/lib/python3.12/site-packages/pyiceberg/table/name_mapping.py", line 378, in apply_name_mapping
    return visit_with_partner(schema_without_ids, name_mapping, NameMappingProjectionVisitor(), NameMappingAccessor())  # type: ignore
           ^^^^^^^^^^^^^^^^^^^^^^^^^^^^^^^^^^^^^^^^^^^^^^^^^^^^^^^^^^^^^^^^^^^^^^^^^^^^^^^^^^^^^^^^^^^^^^^^^^^^^^^^^^^
  File "/root/.local/share/uv/python/cpython-3.12.12-linux-x86_64-gnu/lib/python3.12/functools.py", line 912, in wrapper
    return dispatch(args[0].__class__)(*args, **kw)
           ^^^^^^^^^^^^^^^^^^^^^^^^^^^^^^^^^^^^^^^^
  File "/opt/dagster/app/.venv/lib/python3.12/site-packages/pyiceberg/schema.py", line 662, in _
    return visitor.schema(schema, partner, visit_with_partner(schema.as_struct(), struct_partner, visitor, accessor))  # type: ignore
                                           ^^^^^^^^^^^^^^^^^^^^^^^^^^^^^^^^^^^^^^^^^^^^^^^^^^^^^^^^^^^^^^^^^^^^^^^^^
  File "/root/.local/share/uv/python/cpython-3.12.12-linux-x86_64-gnu/lib/python3.12/functools.py", line 912, in wrapper
    return dispatch(args[0].__class__)(*args, **kw)
           ^^^^^^^^^^^^^^^^^^^^^^^^^^^^^^^^^^^^^^^^
  File "/opt/dagster/app/.venv/lib/python3.12/site-packages/pyiceberg/schema.py", line 672, in _
    field_result = visit_with_partner(field.field_type, field_partner, visitor, accessor)  # type: ignore
                   ^^^^^^^^^^^^^^^^^^^^^^^^^^^^^^^^^^^^^^^^^^^^^^^^^^^^^^^^^^^^^^^^^^^^^^
  File "/root/.local/share/uv/python/cpython-3.12.12-linux-x86_64-gnu/lib/python3.12/functools.py", line 912, in wrapper
    return dispatch(args[0].__class__)(*args, **kw)
           ^^^^^^^^^^^^^^^^^^^^^^^^^^^^^^^^^^^^^^^^
  File "/opt/dagster/app/.venv/lib/python3.12/site-packages/pyiceberg/schema.py", line 712, in _
    return visitor.primitive(primitive, partner)
           ^^^^^^^^^^^^^^^^^^^^^^^^^^^^^^^^^^^^^
  File "/opt/dagster/app/.venv/lib/python3.12/site-packages/pyiceberg/table/name_mapping.py", line 372, in primitive
    raise ValueError(f"Could not find field with name: {'.'.join(self.current_path)}")

