2026-02-20 22:57:29 +0000 - dagster - DEBUG - crypto_ingestion_job - 92c9345d-bfd1-4c66-8f78-102740f8e170 - 69117 - LOGS_CAPTURED - Started capturing logs in process (pid: 69117).
2026-02-20 22:57:29 +0000 - dagster - DEBUG - crypto_ingestion_job - 92c9345d-bfd1-4c66-8f78-102740f8e170 - 69117 - ingest_crypto_file_op - STEP_START - Started execution of step "ingest_crypto_file_op".
2026-02-20 22:57:29 +0000 - dagster - INFO - crypto_ingestion_job - 92c9345d-bfd1-4c66-8f78-102740f8e170 - ingest_crypto_file_op - Ingestando BTCUSDT (5m) do caminho: cryptocurrency/BTCUSDT-5m-2024-02.csv
2026-02-20 22:57:29 +0000 - dagster - INFO - crypto_ingestion_job - 92c9345d-bfd1-4c66-8f78-102740f8e170 - ingest_crypto_file_op - Ingesting cryptocurrency/BTCUSDT-5m-2024-02.csv
2026-02-20 22:57:29 +0000 - dagster - INFO - crypto_ingestion_job - 92c9345d-bfd1-4c66-8f78-102740f8e170 - ingest_crypto_file_op - shape: (10, 14)
┌────────────┬────────────┬────────────┬────────────┬───┬────────────┬─────┬───────────┬───────────┐
│ 1706745600 ┆ 42580.0000 ┆ 42687.6300 ┆ 42573.4600 ┆ … ┆ 3446898.63 ┆ 0   ┆ _source_f ┆ _ingestio │
│ 000        ┆ 0000       ┆ 0000       ┆ 0000       ┆   ┆ 716330     ┆ --- ┆ ile       ┆ n_time    │
│ ---        ┆ ---        ┆ ---        ┆ ---        ┆   ┆ ---        ┆ i64 ┆ ---       ┆ ---       │
│ i64        ┆ f64        ┆ f64        ┆ f64        ┆   ┆ f64        ┆     ┆ str       ┆ str       │
╞════════════╪════════════╪════════════╪════════════╪═══╪════════════╪═════╪═══════════╪═══════════╡
│ 1706745900 ┆ 42607.62   ┆ 42621.82   ┆ 42582.12   ┆ … ┆ 1.9879e6   ┆ 0   ┆ cryptocur ┆ 2026-02-2 │
│ 000        ┆            ┆            ┆            ┆   ┆            ┆     ┆ rency/BTC ┆ 0T22:57:2 │
│            ┆            ┆            ┆            ┆   ┆            ┆     ┆ USDT-5m-2 ┆ 9.393506+ │
│            ┆            ┆            ┆            ┆   ┆            ┆     ┆ 024…      ┆ 00:…      │
│ 1706746200 ┆ 42598.19   ┆ 42605.81   ┆ 42571.81   ┆ … ┆ 1.4911e6   ┆ 0   ┆ cryptocur ┆ 2026-02-2 │
│ 000        ┆            ┆            ┆            ┆   ┆            ┆     ┆ rency/BTC ┆ 0T22:57:2 │
│            ┆            ┆            ┆            ┆   ┆            ┆     ┆ USDT-5m-2 ┆ 9.393506+ │
│            ┆            ┆            ┆            ┆   ┆            ┆     ┆ 024…      ┆ 00:…      │
│ 1706746500 ┆ 42602.3    ┆ 42602.3    ┆ 42564.41   ┆ … ┆ 601235.865 ┆ 0   ┆ cryptocur ┆ 2026-02-2 │
│ 000        ┆            ┆            ┆            ┆   ┆ 11         ┆     ┆ rency/BTC ┆ 0T22:57:2 │
│            ┆            ┆            ┆            ┆   ┆            ┆     ┆ USDT-5m-2 ┆ 9.393506+ │
│            ┆            ┆            ┆            ┆   ┆            ┆     ┆ 024…      ┆ 00:…      │
│ 1706746800 ┆ 42564.41   ┆ 42564.42   ┆ 42425.03   ┆ … ┆ 2.1190e6   ┆ 0   ┆ cryptocur ┆ 2026-02-2 │
│ 000        ┆            ┆            ┆            ┆   ┆            ┆     ┆ rency/BTC ┆ 0T22:57:2 │
│            ┆            ┆            ┆            ┆   ┆            ┆     ┆ USDT-5m-2 ┆ 9.393506+ │
│            ┆            ┆            ┆            ┆   ┆            ┆     ┆ 024…      ┆ 00:…      │
│ 1706747100 ┆ 42425.03   ┆ 42486.41   ┆ 42418.74   ┆ … ┆ 2.8304e6   ┆ 0   ┆ cryptocur ┆ 2026-02-2 │
│ 000        ┆            ┆            ┆            ┆   ┆            ┆     ┆ rency/BTC ┆ 0T22:57:2 │
│            ┆            ┆            ┆            ┆   ┆            ┆     ┆ USDT-5m-2 ┆ 9.393506+ │
│            ┆            ┆            ┆            ┆   ┆            ┆     ┆ 024…      ┆ 00:…      │
│ 1706747400 ┆ 42486.4    ┆ 42516.67   ┆ 42436.29   ┆ … ┆ 2.1270e6   ┆ 0   ┆ cryptocur ┆ 2026-02-2 │
│ 000        ┆            ┆            ┆            ┆   ┆            ┆     ┆ rency/BTC ┆ 0T22:57:2 │
│            ┆            ┆            ┆            ┆   ┆            ┆     ┆ USDT-5m-2 ┆ 9.393506+ │
│            ┆            ┆            ┆            ┆   ┆            ┆     ┆ 024…      ┆ 00:…      │
│ 1706747700 ┆ 42450.03   ┆ 42450.04   ┆ 42305.57   ┆ … ┆ 1.3833e6   ┆ 0   ┆ cryptocur ┆ 2026-02-2 │
│ 000        ┆            ┆            ┆            ┆   ┆            ┆     ┆ rency/BTC ┆ 0T22:57:2 │
│            ┆            ┆            ┆            ┆   ┆            ┆     ┆ USDT-5m-2 ┆ 9.393506+ │
│            ┆            ┆            ┆            ┆   ┆            ┆     ┆ 024…      ┆ 00:…      │
│ 1706748000 ┆ 42308.01   ┆ 42395.11   ┆ 42220.85   ┆ … ┆ 5.0440e6   ┆ 0   ┆ cryptocur ┆ 2026-02-2 │
│ 000        ┆            ┆            ┆            ┆   ┆            ┆     ┆ rency/BTC ┆ 0T22:57:2 │
│            ┆            ┆            ┆            ┆   ┆            ┆     ┆ USDT-5m-2 ┆ 9.393506+ │
│            ┆            ┆            ┆            ┆   ┆            ┆     ┆ 024…      ┆ 00:…      │
│ 1706748300 ┆ 42378.97   ┆ 42467.28   ┆ 42378.97   ┆ … ┆ 3.2655e6   ┆ 0   ┆ cryptocur ┆ 2026-02-2 │
│ 000        ┆            ┆            ┆            ┆   ┆            ┆     ┆ rency/BTC ┆ 0T22:57:2 │
│            ┆            ┆            ┆            ┆   ┆            ┆     ┆ USDT-5m-2 ┆ 9.393506+ │
│            ┆            ┆            ┆            ┆   ┆            ┆     ┆ 024…      ┆ 00:…      │
│ 1706748600 ┆ 42426.0    ┆ 42510.4    ┆ 42425.99   ┆ … ┆ 4.8103e6   ┆ 0   ┆ cryptocur ┆ 2026-02-2 │
│ 000        ┆            ┆            ┆            ┆   ┆            ┆     ┆ rency/BTC ┆ 0T22:57:2 │
│            ┆            ┆            ┆            ┆   ┆            ┆     ┆ USDT-5m-2 ┆ 9.393506+ │
│            ┆            ┆            ┆            ┆   ┆            ┆     ┆ 024…      ┆ 00:…      │
└────────────┴────────────┴────────────┴────────────┴───┴────────────┴─────┴───────────┴───────────┘
2026-02-20 22:57:29 +0000 - dagster - ERROR - crypto_ingestion_job - 92c9345d-bfd1-4c66-8f78-102740f8e170 - 69117 - ingest_crypto_file_op - STEP_FAILURE - Execution of step "ingest_crypto_file_op" failed.

dagster._core.errors.DagsterExecutionStepExecutionError: Error occurred while executing op "ingest_crypto_file_op"::

ValueError: PyArrow table contains more columns: 0, 159.72134000, 1706745600000, 1706745899999, 3446898.63716330, 42573.46000000, 42580.00000000, 42607.62000000, 42687.63000000, 5245, 6808307.44591670, 80.86406000. Update the schema first (hint, use union_by_name).

Stack Trace:
  File "/opt/dagster/app/.venv/lib/python3.12/site-packages/dagster/_core/execution/plan/utils.py", line 57, in op_execution_error_boundary
    yield
  File "/opt/dagster/app/.venv/lib/python3.12/site-packages/dagster/_utils/__init__.py", line 394, in iterate_with_context
    next_output = next(iterator)
                  ^^^^^^^^^^^^^^
  File "/opt/dagster/app/.venv/lib/python3.12/site-packages/dagster/_core/execution/plan/compute_generator.py", line 135, in _coerce_op_compute_fn_to_iterator
    result = invoke_compute_fn(
             ^^^^^^^^^^^^^^^^^^
  File "/opt/dagster/app/.venv/lib/python3.12/site-packages/dagster/_core/execution/plan/compute_generator.py", line 115, in invoke_compute_fn
    return fn(context, **args_to_pass) if context_arg_provided else fn(**args_to_pass)
           ^^^^^^^^^^^^^^^^^^^^^^^^^^^
  File "/opt/dagster/app/project/crypto_candles/assets/ops.py", line 48, in ingest_crypto_file_op
    table.overwrite(
  File "/opt/dagster/app/.venv/lib/python3.12/site-packages/pyiceberg/table/__init__.py", line 1469, in overwrite
    tx.overwrite(
  File "/opt/dagster/app/.venv/lib/python3.12/site-packages/pyiceberg/table/__init__.py", line 630, in overwrite
    _check_pyarrow_schema_compatible(
  File "/opt/dagster/app/.venv/lib/python3.12/site-packages/pyiceberg/io/pyarrow.py", line 2745, in _check_pyarrow_schema_compatible
    raise ValueError(

The above exception was caused by the following exception:
ValueError: Could not find field with name: 1706745600000

Stack Trace:
  File "/opt/dagster/app/.venv/lib/python3.12/site-packages/pyiceberg/io/pyarrow.py", line 2734, in _check_pyarrow_schema_compatible
    provided_schema = pyarrow_to_schema(
                      ^^^^^^^^^^^^^^^^^^
  File "/opt/dagster/app/.venv/lib/python3.12/site-packages/pyiceberg/io/pyarrow.py", line 1139, in pyarrow_to_schema
    return apply_name_mapping(schema_without_ids, name_mapping)
           ^^^^^^^^^^^^^^^^^^^^^^^^^^^^^^^^^^^^^^^^^^^^^^^^^^^^
  File "/opt/dagster/app/.venv/lib/python3.12/site-packages/pyiceberg/table/name_mapping.py", line 378, in apply_name_mapping
    return visit_with_partner(schema_without_ids, name_mapping, NameMappingProjectionVisitor(), NameMappingAccessor())  # type: ignore
           ^^^^^^^^^^^^^^^^^^^^^^^^^^^^^^^^^^^^^^^^^^^^^^^^^^^^^^^^^^^^^^^^^^^^^^^^^^^^^^^^^^^^^^^^^^^^^^^^^^^^^^^^^^^
  File "/root/.local/share/uv/python/cpython-3.12.12-linux-x86_64-gnu/lib/python3.12/functools.py", line 912, in wrapper
    return dispatch(args[0].__class__)(*args, **kw)
           ^^^^^^^^^^^^^^^^^^^^^^^^^^^^^^^^^^^^^^^^
  File "/opt/dagster/app/.venv/lib/python3.12/site-packages/pyiceberg/schema.py", line 662, in _
    return visitor.schema(schema, partner, visit_with_partner(schema.as_struct(), struct_partner, visitor, accessor))  # type: ignore
                                           ^^^^^^^^^^^^^^^^^^^^^^^^^^^^^^^^^^^^^^^^^^^^^^^^^^^^^^^^^^^^^^^^^^^^^^^^^
  File "/root/.local/share/uv/python/cpython-3.12.12-linux-x86_64-gnu/lib/python3.12/functools.py", line 912, in wrapper
    return dispatch(args[0].__class__)(*args, **kw)
           ^^^^^^^^^^^^^^^^^^^^^^^^^^^^^^^^^^^^^^^^
  File "/opt/dagster/app/.venv/lib/python3.12/site-packages/pyiceberg/schema.py", line 672, in _
    field_result = visit_with_partner(field.field_type, field_partner, visitor, accessor)  # type: ignore
                   ^^^^^^^^^^^^^^^^^^^^^^^^^^^^^^^^^^^^^^^^^^^^^^^^^^^^^^^^^^^^^^^^^^^^^^
  File "/root/.local/share/uv/python/cpython-3.12.12-linux-x86_64-gnu/lib/python3.12/functools.py", line 912, in wrapper
    return dispatch(args[0].__class__)(*args, **kw)
           ^^^^^^^^^^^^^^^^^^^^^^^^^^^^^^^^^^^^^^^^
  File "/opt/dagster/app/.venv/lib/python3.12/site-packages/pyiceberg/schema.py", line 712, in _
    return visitor.primitive(primitive, partner)
           ^^^^^^^^^^^^^^^^^^^^^^^^^^^^^^^^^^^^^
  File "/opt/dagster/app/.venv/lib/python3.12/site-packages/pyiceberg/table/name_mapping.py", line 372, in primitive
    raise ValueError(f"Could not find field with name: {'.'.join(self.current_path)}")

