2026-02-20 22:57:43 +0000 - dagster - DEBUG - crypto_ingestion_job - 4618892a-d0e4-4845-9d5b-95a8172a440c - 69324 - LOGS_CAPTURED - Started capturing logs in process (pid: 69324).
2026-02-20 22:57:43 +0000 - dagster - DEBUG - crypto_ingestion_job - 4618892a-d0e4-4845-9d5b-95a8172a440c - 69324 - ingest_crypto_file_op - STEP_START - Started execution of step "ingest_crypto_file_op".
2026-02-20 22:57:43 +0000 - dagster - INFO - crypto_ingestion_job - 4618892a-d0e4-4845-9d5b-95a8172a440c - ingest_crypto_file_op - Ingestando BTCUSDT (5m) do caminho: cryptocurrency/BTCUSDT-5m-2024-05.csv
2026-02-20 22:57:43 +0000 - dagster - INFO - crypto_ingestion_job - 4618892a-d0e4-4845-9d5b-95a8172a440c - ingest_crypto_file_op - Ingesting cryptocurrency/BTCUSDT-5m-2024-05.csv
2026-02-20 22:57:43 +0000 - dagster - INFO - crypto_ingestion_job - 4618892a-d0e4-4845-9d5b-95a8172a440c - ingest_crypto_file_op - shape: (10, 14)
┌────────────┬────────────┬────────────┬────────────┬───┬────────────┬─────┬───────────┬───────────┐
│ 1714521600 ┆ 60672.0100 ┆ 60779.5200 ┆ 60660.9800 ┆ … ┆ 3721796.83 ┆ 0   ┆ _source_f ┆ _ingestio │
│ 000        ┆ 0000       ┆ 0000       ┆ 0000       ┆   ┆ 033330     ┆ --- ┆ ile       ┆ n_time    │
│ ---        ┆ ---        ┆ ---        ┆ ---        ┆   ┆ ---        ┆ i64 ┆ ---       ┆ ---       │
│ i64        ┆ f64        ┆ f64        ┆ f64        ┆   ┆ f64        ┆     ┆ str       ┆ str       │
╞════════════╪════════════╪════════════╪════════════╪═══╪════════════╪═════╪═══════════╪═══════════╡
│ 1714521900 ┆ 60688.39   ┆ 60804.9    ┆ 60670.0    ┆ … ┆ 2.5691e6   ┆ 0   ┆ cryptocur ┆ 2026-02-2 │
│ 000        ┆            ┆            ┆            ┆   ┆            ┆     ┆ rency/BTC ┆ 0T22:57:4 │
│            ┆            ┆            ┆            ┆   ┆            ┆     ┆ USDT-5m-2 ┆ 3.633382+ │
│            ┆            ┆            ┆            ┆   ┆            ┆     ┆ 024…      ┆ 00:…      │
│ 1714522200 ┆ 60767.36   ┆ 60841.63   ┆ 60601.93   ┆ … ┆ 2.5753e6   ┆ 0   ┆ cryptocur ┆ 2026-02-2 │
│ 000        ┆            ┆            ┆            ┆   ┆            ┆     ┆ rency/BTC ┆ 0T22:57:4 │
│            ┆            ┆            ┆            ┆   ┆            ┆     ┆ USDT-5m-2 ┆ 3.633382+ │
│            ┆            ┆            ┆            ┆   ┆            ┆     ┆ 024…      ┆ 00:…      │
│ 1714522500 ┆ 60601.94   ┆ 60721.59   ┆ 60556.0    ┆ … ┆ 2.2753e6   ┆ 0   ┆ cryptocur ┆ 2026-02-2 │
│ 000        ┆            ┆            ┆            ┆   ┆            ┆     ┆ rency/BTC ┆ 0T22:57:4 │
│            ┆            ┆            ┆            ┆   ┆            ┆     ┆ USDT-5m-2 ┆ 3.633382+ │
│            ┆            ┆            ┆            ┆   ┆            ┆     ┆ 024…      ┆ 00:…      │
│ 1714522800 ┆ 60556.01   ┆ 60582.17   ┆ 60475.42   ┆ … ┆ 3.4555e6   ┆ 0   ┆ cryptocur ┆ 2026-02-2 │
│ 000        ┆            ┆            ┆            ┆   ┆            ┆     ┆ rency/BTC ┆ 0T22:57:4 │
│            ┆            ┆            ┆            ┆   ┆            ┆     ┆ USDT-5m-2 ┆ 3.633382+ │
│            ┆            ┆            ┆            ┆   ┆            ┆     ┆ 024…      ┆ 00:…      │
│ 1714523100 ┆ 60549.99   ┆ 60572.5    ┆ 60380.57   ┆ … ┆ 1.8826e6   ┆ 0   ┆ cryptocur ┆ 2026-02-2 │
│ 000        ┆            ┆            ┆            ┆   ┆            ┆     ┆ rency/BTC ┆ 0T22:57:4 │
│            ┆            ┆            ┆            ┆   ┆            ┆     ┆ USDT-5m-2 ┆ 3.633382+ │
│            ┆            ┆            ┆            ┆   ┆            ┆     ┆ 024…      ┆ 00:…      │
│ 1714523400 ┆ 60425.57   ┆ 60425.57   ┆ 60078.52   ┆ … ┆ 8.8459e6   ┆ 0   ┆ cryptocur ┆ 2026-02-2 │
│ 000        ┆            ┆            ┆            ┆   ┆            ┆     ┆ rency/BTC ┆ 0T22:57:4 │
│            ┆            ┆            ┆            ┆   ┆            ┆     ┆ USDT-5m-2 ┆ 3.633382+ │
│            ┆            ┆            ┆            ┆   ┆            ┆     ┆ 024…      ┆ 00:…      │
│ 1714523700 ┆ 60326.0    ┆ 60406.2    ┆ 60273.21   ┆ … ┆ 3.3759e6   ┆ 0   ┆ cryptocur ┆ 2026-02-2 │
│ 000        ┆            ┆            ┆            ┆   ┆            ┆     ┆ rency/BTC ┆ 0T22:57:4 │
│            ┆            ┆            ┆            ┆   ┆            ┆     ┆ USDT-5m-2 ┆ 3.633382+ │
│            ┆            ┆            ┆            ┆   ┆            ┆     ┆ 024…      ┆ 00:…      │
│ 1714524000 ┆ 60306.89   ┆ 60376.91   ┆ 60180.4    ┆ … ┆ 4.8913e6   ┆ 0   ┆ cryptocur ┆ 2026-02-2 │
│ 000        ┆            ┆            ┆            ┆   ┆            ┆     ┆ rency/BTC ┆ 0T22:57:4 │
│            ┆            ┆            ┆            ┆   ┆            ┆     ┆ USDT-5m-2 ┆ 3.633382+ │
│            ┆            ┆            ┆            ┆   ┆            ┆     ┆ 024…      ┆ 00:…      │
│ 1714524300 ┆ 60354.0    ┆ 60425.56   ┆ 60312.94   ┆ … ┆ 2.4577e6   ┆ 0   ┆ cryptocur ┆ 2026-02-2 │
│ 000        ┆            ┆            ┆            ┆   ┆            ┆     ┆ rency/BTC ┆ 0T22:57:4 │
│            ┆            ┆            ┆            ┆   ┆            ┆     ┆ USDT-5m-2 ┆ 3.633382+ │
│            ┆            ┆            ┆            ┆   ┆            ┆     ┆ 024…      ┆ 00:…      │
│ 1714524600 ┆ 60312.95   ┆ 60312.95   ┆ 60183.33   ┆ … ┆ 2.9110e6   ┆ 0   ┆ cryptocur ┆ 2026-02-2 │
│ 000        ┆            ┆            ┆            ┆   ┆            ┆     ┆ rency/BTC ┆ 0T22:57:4 │
│            ┆            ┆            ┆            ┆   ┆            ┆     ┆ USDT-5m-2 ┆ 3.633382+ │
│            ┆            ┆            ┆            ┆   ┆            ┆     ┆ 024…      ┆ 00:…      │
└────────────┴────────────┴────────────┴────────────┴───┴────────────┴─────┴───────────┴───────────┘
2026-02-20 22:57:44 +0000 - dagster - ERROR - crypto_ingestion_job - 4618892a-d0e4-4845-9d5b-95a8172a440c - 69324 - ingest_crypto_file_op - STEP_FAILURE - Execution of step "ingest_crypto_file_op" failed.

dagster._core.errors.DagsterExecutionStepExecutionError: Error occurred while executing op "ingest_crypto_file_op"::

ValueError: PyArrow table contains more columns: 0, 146.19214000, 1714521600000, 1714521899999, 3721796.83033330, 4886, 60660.98000000, 60672.01000000, 60688.39000000, 60779.52000000, 61.29819000, 8876854.68535400. Update the schema first (hint, use union_by_name).

Stack Trace:
  File "/opt/dagster/app/.venv/lib/python3.12/site-packages/dagster/_core/execution/plan/utils.py", line 57, in op_execution_error_boundary
    yield
  File "/opt/dagster/app/.venv/lib/python3.12/site-packages/dagster/_utils/__init__.py", line 394, in iterate_with_context
    next_output = next(iterator)
                  ^^^^^^^^^^^^^^
  File "/opt/dagster/app/.venv/lib/python3.12/site-packages/dagster/_core/execution/plan/compute_generator.py", line 135, in _coerce_op_compute_fn_to_iterator
    result = invoke_compute_fn(
             ^^^^^^^^^^^^^^^^^^
  File "/opt/dagster/app/.venv/lib/python3.12/site-packages/dagster/_core/execution/plan/compute_generator.py", line 115, in invoke_compute_fn
    return fn(context, **args_to_pass) if context_arg_provided else fn(**args_to_pass)
           ^^^^^^^^^^^^^^^^^^^^^^^^^^^
  File "/opt/dagster/app/project/crypto_candles/assets/ops.py", line 48, in ingest_crypto_file_op
    table.overwrite(
  File "/opt/dagster/app/.venv/lib/python3.12/site-packages/pyiceberg/table/__init__.py", line 1469, in overwrite
    tx.overwrite(
  File "/opt/dagster/app/.venv/lib/python3.12/site-packages/pyiceberg/table/__init__.py", line 630, in overwrite
    _check_pyarrow_schema_compatible(
  File "/opt/dagster/app/.venv/lib/python3.12/site-packages/pyiceberg/io/pyarrow.py", line 2745, in _check_pyarrow_schema_compatible
    raise ValueError(

The above exception was caused by the following exception:
ValueError: Could not find field with name: 1714521600000

Stack Trace:
  File "/opt/dagster/app/.venv/lib/python3.12/site-packages/pyiceberg/io/pyarrow.py", line 2734, in _check_pyarrow_schema_compatible
    provided_schema = pyarrow_to_schema(
                      ^^^^^^^^^^^^^^^^^^
  File "/opt/dagster/app/.venv/lib/python3.12/site-packages/pyiceberg/io/pyarrow.py", line 1139, in pyarrow_to_schema
    return apply_name_mapping(schema_without_ids, name_mapping)
           ^^^^^^^^^^^^^^^^^^^^^^^^^^^^^^^^^^^^^^^^^^^^^^^^^^^^
  File "/opt/dagster/app/.venv/lib/python3.12/site-packages/pyiceberg/table/name_mapping.py", line 378, in apply_name_mapping
    return visit_with_partner(schema_without_ids, name_mapping, NameMappingProjectionVisitor(), NameMappingAccessor())  # type: ignore
           ^^^^^^^^^^^^^^^^^^^^^^^^^^^^^^^^^^^^^^^^^^^^^^^^^^^^^^^^^^^^^^^^^^^^^^^^^^^^^^^^^^^^^^^^^^^^^^^^^^^^^^^^^^^
  File "/root/.local/share/uv/python/cpython-3.12.12-linux-x86_64-gnu/lib/python3.12/functools.py", line 912, in wrapper
    return dispatch(args[0].__class__)(*args, **kw)
           ^^^^^^^^^^^^^^^^^^^^^^^^^^^^^^^^^^^^^^^^
  File "/opt/dagster/app/.venv/lib/python3.12/site-packages/pyiceberg/schema.py", line 662, in _
    return visitor.schema(schema, partner, visit_with_partner(schema.as_struct(), struct_partner, visitor, accessor))  # type: ignore
                                           ^^^^^^^^^^^^^^^^^^^^^^^^^^^^^^^^^^^^^^^^^^^^^^^^^^^^^^^^^^^^^^^^^^^^^^^^^
  File "/root/.local/share/uv/python/cpython-3.12.12-linux-x86_64-gnu/lib/python3.12/functools.py", line 912, in wrapper
    return dispatch(args[0].__class__)(*args, **kw)
           ^^^^^^^^^^^^^^^^^^^^^^^^^^^^^^^^^^^^^^^^
  File "/opt/dagster/app/.venv/lib/python3.12/site-packages/pyiceberg/schema.py", line 672, in _
    field_result = visit_with_partner(field.field_type, field_partner, visitor, accessor)  # type: ignore
                   ^^^^^^^^^^^^^^^^^^^^^^^^^^^^^^^^^^^^^^^^^^^^^^^^^^^^^^^^^^^^^^^^^^^^^^
  File "/root/.local/share/uv/python/cpython-3.12.12-linux-x86_64-gnu/lib/python3.12/functools.py", line 912, in wrapper
    return dispatch(args[0].__class__)(*args, **kw)
           ^^^^^^^^^^^^^^^^^^^^^^^^^^^^^^^^^^^^^^^^
  File "/opt/dagster/app/.venv/lib/python3.12/site-packages/pyiceberg/schema.py", line 712, in _
    return visitor.primitive(primitive, partner)
           ^^^^^^^^^^^^^^^^^^^^^^^^^^^^^^^^^^^^^
  File "/opt/dagster/app/.venv/lib/python3.12/site-packages/pyiceberg/table/name_mapping.py", line 372, in primitive
    raise ValueError(f"Could not find field with name: {'.'.join(self.current_path)}")

