2026-02-20 22:37:28 +0000 - dagster - DEBUG - crypto_ingestion_job - 562569a7-79d9-4a69-914b-fda8aa337d33 - 54596 - LOGS_CAPTURED - Started capturing logs in process (pid: 54596).
2026-02-20 22:37:28 +0000 - dagster - DEBUG - crypto_ingestion_job - 562569a7-79d9-4a69-914b-fda8aa337d33 - 54596 - ingest_crypto_file_op - STEP_START - Started execution of step "ingest_crypto_file_op".
2026-02-20 22:37:29 +0000 - dagster - INFO - crypto_ingestion_job - 562569a7-79d9-4a69-914b-fda8aa337d33 - ingest_crypto_file_op - Ingestando BTCUSDT (1m) do caminho: cryptocurrency/BTCUSDT-1m-2024-12.csv
2026-02-20 22:37:29 +0000 - dagster - INFO - crypto_ingestion_job - 562569a7-79d9-4a69-914b-fda8aa337d33 - ingest_crypto_file_op - Ingesting cryptocurrency/BTCUSDT-1m-2024-12.csv
2026-02-20 22:37:29 +0000 - dagster - INFO - crypto_ingestion_job - 562569a7-79d9-4a69-914b-fda8aa337d33 - ingest_crypto_file_op - shape: (10, 14)
┌────────────┬────────────┬────────────┬────────────┬───┬────────────┬─────┬───────────┬───────────┐
│ 1733011200 ┆ 96407.9900 ┆ 96411.9900 ┆ 96376.0000 ┆ … ┆ 307128.890 ┆ 0   ┆ _source_f ┆ _ingestio │
│ 000        ┆ 0000       ┆ 0000       ┆ 0000       ┆   ┆ 97460      ┆ --- ┆ ile       ┆ n_time    │
│ ---        ┆ ---        ┆ ---        ┆ ---        ┆   ┆ ---        ┆ i64 ┆ ---       ┆ ---       │
│ i64        ┆ f64        ┆ f64        ┆ f64        ┆   ┆ f64        ┆     ┆ str       ┆ str       │
╞════════════╪════════════╪════════════╪════════════╪═══╪════════════╪═════╪═══════════╪═══════════╡
│ 1733011260 ┆ 96376.0    ┆ 96384.76   ┆ 96350.13   ┆ … ┆ 173254.138 ┆ 0   ┆ cryptocur ┆ 2026-02-2 │
│ 000        ┆            ┆            ┆            ┆   ┆ 547        ┆     ┆ rency/BTC ┆ 0T22:37:2 │
│            ┆            ┆            ┆            ┆   ┆            ┆     ┆ USDT-1m-2 ┆ 9.132930+ │
│            ┆            ┆            ┆            ┆   ┆            ┆     ┆ 024…      ┆ 00:…      │
│ 1733011320 ┆ 96350.13   ┆ 96411.99   ┆ 96350.13   ┆ … ┆ 264314.474 ┆ 0   ┆ cryptocur ┆ 2026-02-2 │
│ 000        ┆            ┆            ┆            ┆   ┆ 161        ┆     ┆ rency/BTC ┆ 0T22:37:2 │
│            ┆            ┆            ┆            ┆   ┆            ┆     ┆ USDT-1m-2 ┆ 9.132930+ │
│            ┆            ┆            ┆            ┆   ┆            ┆     ┆ 024…      ┆ 00:…      │
│ 1733011380 ┆ 96411.99   ┆ 96491.58   ┆ 96408.01   ┆ … ┆ 385967.481 ┆ 0   ┆ cryptocur ┆ 2026-02-2 │
│ 000        ┆            ┆            ┆            ┆   ┆ 485        ┆     ┆ rency/BTC ┆ 0T22:37:2 │
│            ┆            ┆            ┆            ┆   ┆            ┆     ┆ USDT-1m-2 ┆ 9.132930+ │
│            ┆            ┆            ┆            ┆   ┆            ┆     ┆ 024…      ┆ 00:…      │
│ 1733011440 ┆ 96491.57   ┆ 96524.0    ┆ 96491.57   ┆ … ┆ 703187.090 ┆ 0   ┆ cryptocur ┆ 2026-02-2 │
│ 000        ┆            ┆            ┆            ┆   ┆ 224        ┆     ┆ rency/BTC ┆ 0T22:37:2 │
│            ┆            ┆            ┆            ┆   ┆            ┆     ┆ USDT-1m-2 ┆ 9.132930+ │
│            ┆            ┆            ┆            ┆   ┆            ┆     ┆ 024…      ┆ 00:…      │
│ 1733011500 ┆ 96508.29   ┆ 96526.0    ┆ 96488.01   ┆ … ┆ 177469.375 ┆ 0   ┆ cryptocur ┆ 2026-02-2 │
│ 000        ┆            ┆            ┆            ┆   ┆ 533        ┆     ┆ rency/BTC ┆ 0T22:37:2 │
│            ┆            ┆            ┆            ┆   ┆            ┆     ┆ USDT-1m-2 ┆ 9.132930+ │
│            ┆            ┆            ┆            ┆   ┆            ┆     ┆ 024…      ┆ 00:…      │
│ 1733011560 ┆ 96497.67   ┆ 96512.22   ┆ 96485.94   ┆ … ┆ 806898.236 ┆ 0   ┆ cryptocur ┆ 2026-02-2 │
│ 000        ┆            ┆            ┆            ┆   ┆ 614        ┆     ┆ rency/BTC ┆ 0T22:37:2 │
│            ┆            ┆            ┆            ┆   ┆            ┆     ┆ USDT-1m-2 ┆ 9.132930+ │
│            ┆            ┆            ┆            ┆   ┆            ┆     ┆ 024…      ┆ 00:…      │
│ 1733011620 ┆ 96485.94   ┆ 96504.0    ┆ 96485.94   ┆ … ┆ 165452.890 ┆ 0   ┆ cryptocur ┆ 2026-02-2 │
│ 000        ┆            ┆            ┆            ┆   ┆ 056        ┆     ┆ rency/BTC ┆ 0T22:37:2 │
│            ┆            ┆            ┆            ┆   ┆            ┆     ┆ USDT-1m-2 ┆ 9.132930+ │
│            ┆            ┆            ┆            ┆   ┆            ┆     ┆ 024…      ┆ 00:…      │
│ 1733011680 ┆ 96492.06   ┆ 96536.0    ┆ 96492.06   ┆ … ┆ 906345.881 ┆ 0   ┆ cryptocur ┆ 2026-02-2 │
│ 000        ┆            ┆            ┆            ┆   ┆ 493        ┆     ┆ rency/BTC ┆ 0T22:37:2 │
│            ┆            ┆            ┆            ┆   ┆            ┆     ┆ USDT-1m-2 ┆ 9.132930+ │
│            ┆            ┆            ┆            ┆   ┆            ┆     ┆ 024…      ┆ 00:…      │
│ 1733011740 ┆ 96535.99   ┆ 96541.36   ┆ 96535.99   ┆ … ┆ 166366.768 ┆ 0   ┆ cryptocur ┆ 2026-02-2 │
│ 000        ┆            ┆            ┆            ┆   ┆ 231        ┆     ┆ rency/BTC ┆ 0T22:37:2 │
│            ┆            ┆            ┆            ┆   ┆            ┆     ┆ USDT-1m-2 ┆ 9.132930+ │
│            ┆            ┆            ┆            ┆   ┆            ┆     ┆ 024…      ┆ 00:…      │
│ 1733011800 ┆ 96541.36   ┆ 96584.0    ┆ 96541.35   ┆ … ┆ 852394.266 ┆ 0   ┆ cryptocur ┆ 2026-02-2 │
│ 000        ┆            ┆            ┆            ┆   ┆ 167        ┆     ┆ rency/BTC ┆ 0T22:37:2 │
│            ┆            ┆            ┆            ┆   ┆            ┆     ┆ USDT-1m-2 ┆ 9.132930+ │
│            ┆            ┆            ┆            ┆   ┆            ┆     ┆ 024…      ┆ 00:…      │
└────────────┴────────────┴────────────┴────────────┴───┴────────────┴─────┴───────────┴───────────┘
2026-02-20 22:37:29 +0000 - dagster - ERROR - crypto_ingestion_job - 562569a7-79d9-4a69-914b-fda8aa337d33 - 54596 - ingest_crypto_file_op - STEP_FAILURE - Execution of step "ingest_crypto_file_op" failed.

dagster._core.errors.DagsterExecutionStepExecutionError: Error occurred while executing op "ingest_crypto_file_op"::

ValueError: PyArrow table contains more columns: 0, 1733011200000, 1733011259999, 1763, 3.18577000, 307128.89097460, 788996.16281260, 8.18452000, 96376.00000000, 96376.00000000_duplicated_0, 96407.99000000, 96411.99000000. Update the schema first (hint, use union_by_name).

Stack Trace:
  File "/opt/dagster/app/.venv/lib/python3.12/site-packages/dagster/_core/execution/plan/utils.py", line 57, in op_execution_error_boundary
    yield
  File "/opt/dagster/app/.venv/lib/python3.12/site-packages/dagster/_utils/__init__.py", line 394, in iterate_with_context
    next_output = next(iterator)
                  ^^^^^^^^^^^^^^
  File "/opt/dagster/app/.venv/lib/python3.12/site-packages/dagster/_core/execution/plan/compute_generator.py", line 135, in _coerce_op_compute_fn_to_iterator
    result = invoke_compute_fn(
             ^^^^^^^^^^^^^^^^^^
  File "/opt/dagster/app/.venv/lib/python3.12/site-packages/dagster/_core/execution/plan/compute_generator.py", line 115, in invoke_compute_fn
    return fn(context, **args_to_pass) if context_arg_provided else fn(**args_to_pass)
           ^^^^^^^^^^^^^^^^^^^^^^^^^^^
  File "/opt/dagster/app/project/crypto_candles/assets/ops.py", line 48, in ingest_crypto_file_op
    table.overwrite(
  File "/opt/dagster/app/.venv/lib/python3.12/site-packages/pyiceberg/table/__init__.py", line 1469, in overwrite
    tx.overwrite(
  File "/opt/dagster/app/.venv/lib/python3.12/site-packages/pyiceberg/table/__init__.py", line 630, in overwrite
    _check_pyarrow_schema_compatible(
  File "/opt/dagster/app/.venv/lib/python3.12/site-packages/pyiceberg/io/pyarrow.py", line 2745, in _check_pyarrow_schema_compatible
    raise ValueError(

The above exception was caused by the following exception:
ValueError: Could not find field with name: 1733011200000

Stack Trace:
  File "/opt/dagster/app/.venv/lib/python3.12/site-packages/pyiceberg/io/pyarrow.py", line 2734, in _check_pyarrow_schema_compatible
    provided_schema = pyarrow_to_schema(
                      ^^^^^^^^^^^^^^^^^^
  File "/opt/dagster/app/.venv/lib/python3.12/site-packages/pyiceberg/io/pyarrow.py", line 1139, in pyarrow_to_schema
    return apply_name_mapping(schema_without_ids, name_mapping)
           ^^^^^^^^^^^^^^^^^^^^^^^^^^^^^^^^^^^^^^^^^^^^^^^^^^^^
  File "/opt/dagster/app/.venv/lib/python3.12/site-packages/pyiceberg/table/name_mapping.py", line 378, in apply_name_mapping
    return visit_with_partner(schema_without_ids, name_mapping, NameMappingProjectionVisitor(), NameMappingAccessor())  # type: ignore
           ^^^^^^^^^^^^^^^^^^^^^^^^^^^^^^^^^^^^^^^^^^^^^^^^^^^^^^^^^^^^^^^^^^^^^^^^^^^^^^^^^^^^^^^^^^^^^^^^^^^^^^^^^^^
  File "/root/.local/share/uv/python/cpython-3.12.12-linux-x86_64-gnu/lib/python3.12/functools.py", line 912, in wrapper
    return dispatch(args[0].__class__)(*args, **kw)
           ^^^^^^^^^^^^^^^^^^^^^^^^^^^^^^^^^^^^^^^^
  File "/opt/dagster/app/.venv/lib/python3.12/site-packages/pyiceberg/schema.py", line 662, in _
    return visitor.schema(schema, partner, visit_with_partner(schema.as_struct(), struct_partner, visitor, accessor))  # type: ignore
                                           ^^^^^^^^^^^^^^^^^^^^^^^^^^^^^^^^^^^^^^^^^^^^^^^^^^^^^^^^^^^^^^^^^^^^^^^^^
  File "/root/.local/share/uv/python/cpython-3.12.12-linux-x86_64-gnu/lib/python3.12/functools.py", line 912, in wrapper
    return dispatch(args[0].__class__)(*args, **kw)
           ^^^^^^^^^^^^^^^^^^^^^^^^^^^^^^^^^^^^^^^^
  File "/opt/dagster/app/.venv/lib/python3.12/site-packages/pyiceberg/schema.py", line 672, in _
    field_result = visit_with_partner(field.field_type, field_partner, visitor, accessor)  # type: ignore
                   ^^^^^^^^^^^^^^^^^^^^^^^^^^^^^^^^^^^^^^^^^^^^^^^^^^^^^^^^^^^^^^^^^^^^^^
  File "/root/.local/share/uv/python/cpython-3.12.12-linux-x86_64-gnu/lib/python3.12/functools.py", line 912, in wrapper
    return dispatch(args[0].__class__)(*args, **kw)
           ^^^^^^^^^^^^^^^^^^^^^^^^^^^^^^^^^^^^^^^^
  File "/opt/dagster/app/.venv/lib/python3.12/site-packages/pyiceberg/schema.py", line 712, in _
    return visitor.primitive(primitive, partner)
           ^^^^^^^^^^^^^^^^^^^^^^^^^^^^^^^^^^^^^
  File "/opt/dagster/app/.venv/lib/python3.12/site-packages/pyiceberg/table/name_mapping.py", line 372, in primitive
    raise ValueError(f"Could not find field with name: {'.'.join(self.current_path)}")

